"Task Aware Debugger for GDB" version 11.4.0 (202107011009)
(c) 2016-2021 NXP Semiconductors, Inc.
==================================
00:24:45.191 INFO: [TadModel] DSF session ID 8 has started.
00:24:52.338 INFO: [TadState] TAD state changed: DEBUG_STARTED -> DEBUG_INIT_0 (RESUMED, USER_REQUEST)
00:24:52.435 INFO: [TadState] TAD state changed: DEBUG_INIT_0 -> DEBUG_INIT_1 (SUSPENDED, SIGNAL)
00:24:53.778 INFO: [TadState] TAD state changed: DEBUG_INIT_1 -> DEBUG_SUSPENDED (RESUMED, USER_REQUEST)
00:24:53.966 INFO: [TadState] TAD state changed: DEBUG_SUSPENDED -> DEBUG_SUSPENDED (SUSPENDED, BREAKPOINT)
00:25:03.904 INFO: [TadState] TAD state changed: DEBUG_SUSPENDED -> DEBUG_RESUMED (RESUMED, USER_REQUEST)
00:25:04.112 INFO: [TadState] TAD state changed: DEBUG_RESUMED -> READY (SUSPENDED, BREAKPOINT)
00:25:05.850 INFO: [TadState] TAD state changed: READY -> DEBUG_RESUMED (RESUMED, STEP)
00:25:06.43 INFO: [TadState] TAD state changed: DEBUG_RESUMED -> READY (SUSPENDED, STEP)
00:25:06.945 INFO: [TadState] TAD state changed: READY -> DEBUG_RESUMED (RESUMED, STEP)
00:25:07.128 INFO: [TadState] TAD state changed: DEBUG_RESUMED -> READY (SUSPENDED, STEP)
00:25:07.745 INFO: [TadState] TAD state changed: READY -> DEBUG_RESUMED (RESUMED, STEP)
00:25:07.968 INFO: [TadState] TAD state changed: DEBUG_RESUMED -> READY (SUSPENDED, STEP)
00:25:10.818 INFO: [TadState] TAD state changed: READY -> DEBUG_RESUMED (RESUMED, STEP)
00:25:10.988 INFO: [TadState] TAD state changed: DEBUG_RESUMED -> READY (SUSPENDED, STEP)
00:25:21.837 INFO: [TadState] TAD state changed: READY -> DEBUG_RESUMED (RESUMED, STEP)
00:25:22.52 INFO: [TadState] TAD state changed: DEBUG_RESUMED -> READY (SUSPENDED, STEP)
00:25:23.158 INFO: [TadState] TAD state changed: READY -> DEBUG_RESUMED (RESUMED, STEP)
00:25:23.350 INFO: [TadState] TAD state changed: DEBUG_RESUMED -> READY (SUSPENDED, STEP)
00:25:24.310 INFO: [TadState] TAD state changed: READY -> DEBUG_RESUMED (RESUMED, STEP)
00:25:24.515 INFO: [TadState] TAD state changed: DEBUG_RESUMED -> READY (SUSPENDED, STEP)
00:25:24.975 INFO: [TadState] TAD state changed: READY -> DEBUG_RESUMED (RESUMED, STEP)
00:25:25.189 INFO: [TadState] TAD state changed: DEBUG_RESUMED -> READY (SUSPENDED, STEP)
00:25:25.462 INFO: [TadState] TAD state changed: READY -> DEBUG_RESUMED (RESUMED, STEP)
00:25:25.647 INFO: [TadState] TAD state changed: DEBUG_RESUMED -> READY (SUSPENDED, STEP)
00:25:27.65 INFO: [TadState] TAD state changed: READY -> DEBUG_RESUMED (RESUMED, STEP)
00:25:27.248 INFO: [TadState] TAD state changed: DEBUG_RESUMED -> READY (SUSPENDED, STEP)
00:26:06.478 INFO: [TadState] TAD state changed: READY -> DEBUG_RESUMED (RESUMED, STEP)
00:26:06.672 INFO: [TadState] TAD state changed: DEBUG_RESUMED -> READY (SUSPENDED, STEP)
00:26:08.314 INFO: [TadState] TAD state changed: READY -> DEBUG_RESUMED (RESUMED, STEP)
00:26:08.499 INFO: [TadState] TAD state changed: DEBUG_RESUMED -> READY (SUSPENDED, STEP)
00:26:10.115 INFO: [TadState] TAD state changed: READY -> DEBUG_RESUMED (RESUMED, STEP)
00:26:10.303 INFO: [TadState] TAD state changed: DEBUG_RESUMED -> READY (SUSPENDED, STEP)
00:26:10.852 INFO: [TadState] TAD state changed: READY -> DEBUG_RESUMED (RESUMED, STEP)
00:26:11.58 INFO: [TadState] TAD state changed: DEBUG_RESUMED -> READY (SUSPENDED, STEP)
00:26:12.628 INFO: [TadState] TAD state changed: READY -> DEBUG_RESUMED (RESUMED, USER_REQUEST)
00:26:36.377 INFO: [TadState] TAD state changed: DEBUG_RESUMED -> READY (SUSPENDED, BREAKPOINT)
00:26:43.441 INFO: [TadState] TAD state changed: READY -> DEBUG_RESUMED (RESUMED, STEP)
00:26:44.118 INFO: [TadState] TAD state changed: DEBUG_RESUMED -> READY (SUSPENDED, STEP)
00:26:47.167 INFO: [TadState] TAD state changed: READY -> DEBUG_RESUMED (RESUMED, STEP)
00:26:47.431 INFO: [TadState] TAD state changed: DEBUG_RESUMED -> READY (SUSPENDED, STEP)
00:26:49.283 INFO: [TadState] TAD state changed: READY -> DEBUG_RESUMED (RESUMED, STEP)
00:26:49.675 INFO: [TadState] TAD state changed: DEBUG_RESUMED -> READY (SUSPENDED, STEP)
00:26:53.452 INFO: [TadState] TAD state changed: READY -> DEBUG_RESUMED (RESUMED, STEP)
00:26:53.768 INFO: [TadState] TAD state changed: DEBUG_RESUMED -> READY (SUSPENDED, STEP)
00:26:55.935 INFO: [TadState] TAD state changed: READY -> DEBUG_RESUMED (RESUMED, USER_REQUEST)
00:26:56.28 INFO: [TadState] TAD state changed: DEBUG_RESUMED -> READY (SUSPENDED, BREAKPOINT)
00:26:57.09 INFO: [TadState] TAD state changed: READY -> DEBUG_RESUMED (RESUMED, STEP)
00:26:57.633 INFO: [TadState] TAD state changed: DEBUG_RESUMED -> READY (SUSPENDED, STEP)
00:26:58.365 INFO: [TadState] TAD state changed: READY -> DEBUG_RESUMED (RESUMED, STEP)
00:26:58.599 INFO: [TadState] TAD state changed: DEBUG_RESUMED -> READY (SUSPENDED, STEP)
00:27:01.02 INFO: [TadState] TAD state changed: READY -> DEBUG_RESUMED (RESUMED, STEP)
00:27:01.386 INFO: [TadState] TAD state changed: DEBUG_RESUMED -> READY (SUSPENDED, STEP)
00:27:06.621 INFO: [TadState] TAD state changed: READY -> DEBUG_RESUMED (RESUMED, STEP)
00:27:06.933 INFO: [TadState] TAD state changed: DEBUG_RESUMED -> READY (SUSPENDED, STEP)
00:27:07.967 INFO: [TadState] TAD state changed: READY -> DEBUG_RESUMED (RESUMED, STEP)
00:27:10.264 INFO: [TadState] TAD state changed: DEBUG_RESUMED -> READY (SUSPENDED, SIGNAL)
00:27:11.594 INFO: [TadState] TAD state changed: READY -> DEBUG_RESUMED (RESUMED, USER_REQUEST)
00:27:11.695 INFO: [TadState] TAD state changed: DEBUG_RESUMED -> READY (SUSPENDED, BREAKPOINT)
00:27:13.212 INFO: [TadState] TAD state changed: READY -> DEBUG_RESUMED (RESUMED, STEP)
00:27:13.893 INFO: [TadState] TAD state changed: DEBUG_RESUMED -> READY (SUSPENDED, STEP)
00:27:14.643 INFO: [TadState] TAD state changed: READY -> DEBUG_RESUMED (RESUMED, STEP)
00:27:14.893 INFO: [TadState] TAD state changed: DEBUG_RESUMED -> READY (SUSPENDED, STEP)
00:27:18.174 INFO: [TadState] TAD state changed: READY -> DEBUG_RESUMED (RESUMED, STEP)
00:27:18.533 INFO: [TadState] TAD state changed: DEBUG_RESUMED -> READY (SUSPENDED, STEP)
00:27:22.156 INFO: [TadState] TAD state changed: READY -> DEBUG_RESUMED (RESUMED, STEP)
00:27:22.475 INFO: [TadState] TAD state changed: DEBUG_RESUMED -> READY (SUSPENDED, STEP)
00:27:23.565 INFO: [TadState] TAD state changed: READY -> DEBUG_RESUMED (RESUMED, USER_REQUEST)
00:27:23.655 INFO: [TadState] TAD state changed: DEBUG_RESUMED -> READY (SUSPENDED, BREAKPOINT)
00:27:24.779 INFO: [TadState] TAD state changed: READY -> DEBUG_RESUMED (RESUMED, STEP)
00:27:25.421 INFO: [TadState] TAD state changed: DEBUG_RESUMED -> READY (SUSPENDED, STEP)
00:27:25.877 INFO: [TadState] TAD state changed: READY -> DEBUG_RESUMED (RESUMED, STEP)
00:27:26.124 INFO: [TadState] TAD state changed: DEBUG_RESUMED -> READY (SUSPENDED, STEP)
00:27:28.850 INFO: [TadState] TAD state changed: READY -> DEBUG_RESUMED (RESUMED, STEP)
00:27:29.224 INFO: [TadState] TAD state changed: DEBUG_RESUMED -> READY (SUSPENDED, STEP)
00:27:35.904 INFO: [TadState] TAD state changed: READY -> DEBUG_RESUMED (RESUMED, STEP)
00:27:36.213 INFO: [TadState] TAD state changed: DEBUG_RESUMED -> READY (SUSPENDED, STEP)
00:27:40.394 INFO: [TadState] TAD state changed: READY -> DEBUG_RESUMED (RESUMED, STEP)
00:27:40.617 INFO: [TadState] TAD state changed: DEBUG_RESUMED -> READY (SUSPENDED, STEP)
00:27:46.924 INFO: [TadState] TAD state changed: READY -> DEBUG_RESUMED (RESUMED, STEP)
00:27:47.382 INFO: [TadState] TAD state changed: DEBUG_RESUMED -> READY (SUSPENDED, STEP)
00:27:50.83 INFO: [TadState] TAD state changed: READY -> DEBUG_RESUMED (RESUMED, STEP)
00:27:50.242 INFO: [TadState] TAD state changed: DEBUG_RESUMED -> READY (SUSPENDED, STEP)
00:27:52.798 INFO: [TadState] TAD state changed: READY -> DEBUG_RESUMED (RESUMED, STEP)
00:27:52.972 INFO: [TadState] TAD state changed: DEBUG_RESUMED -> READY (SUSPENDED, STEP)
00:27:55.713 INFO: [TadState] TAD state changed: READY -> DEBUG_RESUMED (RESUMED, USER_REQUEST)
00:27:55.812 INFO: [TadState] TAD state changed: DEBUG_RESUMED -> READY (SUSPENDED, BREAKPOINT)
00:27:58.341 INFO: [TadState] TAD state changed: READY -> DEBUG_RESUMED (RESUMED, USER_REQUEST)
00:35:21.581 INFO: [TadState] TAD state changed: DEBUG_RESUMED -> READY (SUSPENDED, SIGNAL)
00:35:23.168 INFO: [TadModel] DSF session ID 8 has ended.
