17:59:52 **** Build of configuration Debug for project pract1 ****
make -r -j3 all 
Building file: ../src/cr_startup_lpc175x_6x.c
Building file: ../src/crp.c
Invoking: MCU C Compiler
arm-none-eabi-gcc -DDEBUG -D__CODE_RED -DCORE_M3 -D__USE_CMSIS=CMSISv2p00_LPC17xx -D__LPC17XX__ -D__REDLIB__ -I"/media/cliff/Desk/UNC/carrerpath/nationalUniversity/2021/digital3/wkspc/pract1/inc" -O0 -fno-common -g3 -Wall -c -fmessage-length=0 -fno-builtin -ffunction-sections -fdata-sections -fmerge-constants -fmacro-prefix-map="../src/"=. -mcpu=cortex-m3 -mthumb -fstack-usage -specs=redlib.specs -MMD -MP -MF"src/cr_startup_lpc175x_6x.d" -MT"src/cr_startup_lpc175x_6x.o" -MT"src/cr_startup_lpc175x_6x.d" -o "src/cr_startup_lpc175x_6x.o" "../src/cr_startup_lpc175x_6x.c"
Invoking: MCU C Compiler
arm-none-eabi-gcc -DDEBUG -D__CODE_RED -DCORE_M3 -D__USE_CMSIS=CMSISv2p00_LPC17xx -D__LPC17XX__ -D__REDLIB__ -I"/media/cliff/Desk/UNC/carrerpath/nationalUniversity/2021/digital3/wkspc/pract1/inc" -O0 -fno-common -g3 -Wall -c -fmessage-length=0 -fno-builtin -ffunction-sections -fdata-sections -fmerge-constants -fmacro-prefix-map="../src/"=. -mcpu=cortex-m3 -mthumb -fstack-usage -specs=redlib.specs -MMD -MP -MF"src/crp.d" -MT"src/crp.o" -MT"src/crp.d" -o "src/crp.o" "../src/crp.c"
Building file: ../src/myGpio.c
Invoking: MCU C Compiler
arm-none-eabi-gcc -DDEBUG -D__CODE_RED -DCORE_M3 -D__USE_CMSIS=CMSISv2p00_LPC17xx -D__LPC17XX__ -D__REDLIB__ -I"/media/cliff/Desk/UNC/carrerpath/nationalUniversity/2021/digital3/wkspc/pract1/inc" -O0 -fno-common -g3 -Wall -c -fmessage-length=0 -fno-builtin -ffunction-sections -fdata-sections -fmerge-constants -fmacro-prefix-map="../src/"=. -mcpu=cortex-m3 -mthumb -fstack-usage -specs=redlib.specs -MMD -MP -MF"src/myGpio.d" -MT"src/myGpio.o" -MT"src/myGpio.d" -o "src/myGpio.o" "../src/myGpio.c"
../src/myGpio.c:8:10: fatal error: LPC17xx.h: No such file or directory
    8 | #include "LPC17xx.h"
      |          ^~~~~~~~~~~
compilation terminated.
make: *** [src/subdir.mk:29: src/myGpio.o] Error 1
make: *** Waiting for unfinished jobs....
Finished building: ../src/crp.c
 
Finished building: ../src/cr_startup_lpc175x_6x.c
 
"make -r -j3 all" terminated with exit code 2. Build might be incomplete.

17:59:53 Build Failed. 3 errors, 0 warnings. (took 944ms)

