"Task Aware Debugger for GDB" version 11.4.0 (202107011009)
(c) 2016-2021 NXP Semiconductors, Inc.
==================================
00:29:42.860 INFO: [TadModel] DSF session ID 13 has started.
00:29:48.993 INFO: [TadState] TAD state changed: DEBUG_STARTED -> DEBUG_INIT_0 (RESUMED, USER_REQUEST)
00:29:49.40 INFO: [TadState] TAD state changed: DEBUG_INIT_0 -> DEBUG_INIT_1 (SUSPENDED, SIGNAL)
00:29:49.720 INFO: [TadState] TAD state changed: DEBUG_INIT_1 -> DEBUG_SUSPENDED (RESUMED, USER_REQUEST)
00:29:49.814 INFO: [TadState] TAD state changed: DEBUG_SUSPENDED -> DEBUG_SUSPENDED (SUSPENDED, BREAKPOINT)
00:29:54.804 INFO: [TadState] TAD state changed: DEBUG_SUSPENDED -> DEBUG_RESUMED (RESUMED, STEP)
00:29:54.996 INFO: [TadState] TAD state changed: DEBUG_RESUMED -> READY (SUSPENDED, STEP)
00:29:56.41 INFO: [TadState] TAD state changed: READY -> DEBUG_RESUMED (RESUMED, STEP)
00:29:56.366 INFO: [TadState] TAD state changed: DEBUG_RESUMED -> READY (SUSPENDED, STEP)
00:29:56.758 INFO: [TadState] TAD state changed: READY -> DEBUG_RESUMED (RESUMED, STEP)
00:29:57.93 INFO: [TadState] TAD state changed: DEBUG_RESUMED -> READY (SUSPENDED, STEP)
00:29:57.434 INFO: [TadState] TAD state changed: READY -> DEBUG_RESUMED (RESUMED, STEP)
00:29:57.761 INFO: [TadState] TAD state changed: DEBUG_RESUMED -> READY (SUSPENDED, STEP)
00:29:58.700 INFO: [TadState] TAD state changed: READY -> DEBUG_RESUMED (RESUMED, STEP)
00:29:59.08 INFO: [TadState] TAD state changed: DEBUG_RESUMED -> READY (SUSPENDED, STEP)
00:29:59.279 INFO: [TadState] TAD state changed: READY -> DEBUG_RESUMED (RESUMED, STEP)
00:29:59.570 INFO: [TadState] TAD state changed: DEBUG_RESUMED -> READY (SUSPENDED, STEP)
00:29:59.888 INFO: [TadState] TAD state changed: READY -> DEBUG_RESUMED (RESUMED, STEP)
00:30:00.203 INFO: [TadState] TAD state changed: DEBUG_RESUMED -> READY (SUSPENDED, STEP)
00:30:02.147 INFO: [TadState] TAD state changed: READY -> DEBUG_RESUMED (RESUMED, STEP)
00:30:02.445 INFO: [TadState] TAD state changed: DEBUG_RESUMED -> READY (SUSPENDED, STEP)
00:30:03.24 INFO: [TadState] TAD state changed: READY -> DEBUG_RESUMED (RESUMED, STEP)
00:30:03.330 INFO: [TadState] TAD state changed: DEBUG_RESUMED -> READY (SUSPENDED, STEP)
00:30:03.655 INFO: [TadState] TAD state changed: READY -> DEBUG_RESUMED (RESUMED, STEP)
00:30:03.956 INFO: [TadState] TAD state changed: DEBUG_RESUMED -> READY (SUSPENDED, STEP)
00:30:16.627 INFO: [TadState] TAD state changed: READY -> DEBUG_RESUMED (RESUMED, USER_REQUEST)
00:30:25.320 INFO: [TadState] TAD state changed: DEBUG_RESUMED -> READY (SUSPENDED, SIGNAL)
00:30:27.357 INFO: [TadModel] DSF session ID 13 has ended.
