"Task Aware Debugger for GDB" version 11.4.0 (202107011009)
(c) 2016-2021 NXP Semiconductors, Inc.
==================================
23:36:35.780 INFO: [TadModel] DSF session ID 4 has started.
23:36:39.761 INFO: [TadState] TAD state changed: DEBUG_STARTED -> DEBUG_INIT_0 (RESUMED, USER_REQUEST)
23:36:39.804 INFO: [TadState] TAD state changed: DEBUG_INIT_0 -> DEBUG_INIT_1 (SUSPENDED, SIGNAL)
23:36:40.720 INFO: [TadState] TAD state changed: DEBUG_INIT_1 -> DEBUG_SUSPENDED (RESUMED, USER_REQUEST)
23:36:40.851 INFO: [TadState] TAD state changed: DEBUG_SUSPENDED -> DEBUG_SUSPENDED (SUSPENDED, BREAKPOINT)
23:46:18.30 INFO: [TadState] TAD state changed: DEBUG_SUSPENDED -> DEBUG_RESUMED (RESUMED, STEP)
23:46:18.256 INFO: [TadState] TAD state changed: DEBUG_RESUMED -> READY (SUSPENDED, STEP)
23:46:19.342 INFO: [TadState] TAD state changed: READY -> DEBUG_RESUMED (RESUMED, STEP)
23:46:19.605 INFO: [TadState] TAD state changed: DEBUG_RESUMED -> READY (SUSPENDED, STEP)
23:46:20.148 INFO: [TadState] TAD state changed: READY -> DEBUG_RESUMED (RESUMED, STEP)
23:46:20.381 INFO: [TadState] TAD state changed: DEBUG_RESUMED -> READY (SUSPENDED, STEP)
23:46:20.803 INFO: [TadState] TAD state changed: READY -> DEBUG_RESUMED (RESUMED, STEP)
23:46:21.56 INFO: [TadState] TAD state changed: DEBUG_RESUMED -> READY (SUSPENDED, STEP)
23:46:22.25 INFO: [TadState] TAD state changed: READY -> DEBUG_RESUMED (RESUMED, STEP)
23:46:22.277 INFO: [TadState] TAD state changed: DEBUG_RESUMED -> READY (SUSPENDED, STEP)
23:46:23.509 INFO: [TadState] TAD state changed: READY -> DEBUG_RESUMED (RESUMED, STEP)
23:46:23.748 INFO: [TadState] TAD state changed: DEBUG_RESUMED -> READY (SUSPENDED, STEP)
23:46:25.199 INFO: [TadState] TAD state changed: READY -> DEBUG_RESUMED (RESUMED, STEP)
23:46:25.443 INFO: [TadState] TAD state changed: DEBUG_RESUMED -> READY (SUSPENDED, STEP)
23:46:25.892 INFO: [TadState] TAD state changed: READY -> DEBUG_RESUMED (RESUMED, STEP)
23:46:26.151 INFO: [TadState] TAD state changed: DEBUG_RESUMED -> READY (SUSPENDED, STEP)
23:46:28.329 INFO: [TadState] TAD state changed: READY -> DEBUG_RESUMED (RESUMED, STEP)
23:46:28.569 INFO: [TadState] TAD state changed: DEBUG_RESUMED -> READY (SUSPENDED, STEP)
23:47:25.90 INFO: [TadState] TAD state changed: READY -> DEBUG_RESUMED (RESUMED, STEP)
23:47:25.197 INFO: [TadState] TAD state changed: DEBUG_RESUMED -> READY (SUSPENDED, STEP)
23:47:26.50 INFO: [TadState] TAD state changed: READY -> DEBUG_RESUMED (RESUMED, STEP)
23:47:26.169 INFO: [TadState] TAD state changed: DEBUG_RESUMED -> READY (SUSPENDED, STEP)
23:47:28.159 INFO: [TadState] TAD state changed: READY -> DEBUG_RESUMED (RESUMED, STEP)
23:47:28.393 INFO: [TadState] TAD state changed: DEBUG_RESUMED -> READY (SUSPENDED, BREAKPOINT)
23:47:41.395 INFO: [TadState] TAD state changed: READY -> DEBUG_RESUMED (RESUMED, STEP)
23:47:41.519 INFO: [TadState] TAD state changed: DEBUG_RESUMED -> READY (SUSPENDED, USER_REQUEST)
23:47:46.830 INFO: [TadState] TAD state changed: READY -> DEBUG_RESUMED (RESUMED, USER_REQUEST)
23:47:46.969 INFO: [TadState] TAD state changed: DEBUG_RESUMED -> READY (SUSPENDED, BREAKPOINT)
23:47:48.717 INFO: [TadState] TAD state changed: READY -> DEBUG_RESUMED (RESUMED, STEP)
23:47:48.940 INFO: [TadState] TAD state changed: DEBUG_RESUMED -> READY (SUSPENDED, STEP)
23:47:50.33 INFO: [TadState] TAD state changed: READY -> DEBUG_RESUMED (RESUMED, STEP)
23:47:50.282 INFO: [TadState] TAD state changed: DEBUG_RESUMED -> READY (SUSPENDED, STEP)
23:47:51.55 INFO: [TadState] TAD state changed: READY -> DEBUG_RESUMED (RESUMED, STEP)
23:47:51.301 INFO: [TadState] TAD state changed: DEBUG_RESUMED -> READY (SUSPENDED, STEP)
23:47:51.624 INFO: [TadState] TAD state changed: READY -> DEBUG_RESUMED (RESUMED, STEP)
23:47:51.866 INFO: [TadState] TAD state changed: DEBUG_RESUMED -> READY (SUSPENDED, STEP)
23:47:52.343 INFO: [TadState] TAD state changed: READY -> DEBUG_RESUMED (RESUMED, STEP)
23:47:52.585 INFO: [TadState] TAD state changed: DEBUG_RESUMED -> READY (SUSPENDED, STEP)
23:47:53.27 INFO: [TadState] TAD state changed: READY -> DEBUG_RESUMED (RESUMED, STEP)
23:47:53.267 INFO: [TadState] TAD state changed: DEBUG_RESUMED -> READY (SUSPENDED, STEP)
23:47:54.53 INFO: [TadState] TAD state changed: READY -> DEBUG_RESUMED (RESUMED, STEP)
23:47:54.298 INFO: [TadState] TAD state changed: DEBUG_RESUMED -> READY (SUSPENDED, STEP)
23:47:54.684 INFO: [TadState] TAD state changed: READY -> DEBUG_RESUMED (RESUMED, STEP)
23:47:54.980 INFO: [TadState] TAD state changed: DEBUG_RESUMED -> READY (SUSPENDED, STEP)
23:47:55.596 INFO: [TadState] TAD state changed: READY -> DEBUG_RESUMED (RESUMED, STEP)
23:47:56.190 INFO: [TadState] TAD state changed: DEBUG_RESUMED -> READY (SUSPENDED, STEP)
23:47:58.229 INFO: [TadState] TAD state changed: READY -> DEBUG_RESUMED (RESUMED, STEP)
23:47:58.483 INFO: [TadState] TAD state changed: DEBUG_RESUMED -> READY (SUSPENDED, STEP)
23:47:59.637 INFO: [TadState] TAD state changed: READY -> DEBUG_RESUMED (RESUMED, STEP)
23:47:59.886 INFO: [TadState] TAD state changed: DEBUG_RESUMED -> READY (SUSPENDED, STEP)
23:48:01.304 INFO: [TadState] TAD state changed: READY -> DEBUG_RESUMED (RESUMED, STEP)
23:48:01.412 INFO: [TadState] TAD state changed: DEBUG_RESUMED -> READY (SUSPENDED, STEP)
23:48:02.787 INFO: [TadState] TAD state changed: READY -> DEBUG_RESUMED (RESUMED, STEP)
23:48:02.910 INFO: [TadState] TAD state changed: DEBUG_RESUMED -> READY (SUSPENDED, STEP)
23:48:04.142 INFO: [TadState] TAD state changed: READY -> DEBUG_RESUMED (RESUMED, STEP)
23:48:04.407 INFO: [TadState] TAD state changed: DEBUG_RESUMED -> READY (SUSPENDED, STEP)
23:48:11.699 INFO: [TadState] TAD state changed: READY -> DEBUG_RESUMED (RESUMED, STEP)
23:48:11.936 INFO: [TadState] TAD state changed: DEBUG_RESUMED -> READY (SUSPENDED, STEP)
23:48:16.159 INFO: [TadState] TAD state changed: READY -> DEBUG_RESUMED (RESUMED, STEP)
23:48:16.519 INFO: [TadState] TAD state changed: DEBUG_RESUMED -> READY (SUSPENDED, STEP)
23:49:26.570 INFO: [TadState] TAD state changed: READY -> DEBUG_RESUMED (RESUMED, STEP)
23:49:26.796 INFO: [TadState] TAD state changed: DEBUG_RESUMED -> READY (SUSPENDED, STEP)
23:49:32.82 INFO: [TadState] TAD state changed: READY -> DEBUG_RESUMED (RESUMED, STEP)
23:49:32.311 INFO: [TadState] TAD state changed: DEBUG_RESUMED -> READY (SUSPENDED, STEP)
23:49:34.990 INFO: [TadState] TAD state changed: READY -> DEBUG_RESUMED (RESUMED, STEP)
23:49:35.90 INFO: [TadState] TAD state changed: DEBUG_RESUMED -> READY (SUSPENDED, STEP)
23:49:36.137 INFO: [TadState] TAD state changed: READY -> DEBUG_RESUMED (RESUMED, STEP)
23:49:36.315 INFO: [TadState] TAD state changed: DEBUG_RESUMED -> READY (SUSPENDED, STEP)
23:49:48.778 INFO: [TadState] TAD state changed: READY -> DEBUG_RESUMED (RESUMED, USER_REQUEST)
23:49:52.390 INFO: [TadState] TAD state changed: DEBUG_RESUMED -> READY (SUSPENDED, BREAKPOINT)
23:50:15.483 INFO: [TadState] TAD state changed: READY -> DEBUG_RESUMED (RESUMED, STEP)
23:50:15.743 INFO: [TadState] TAD state changed: DEBUG_RESUMED -> READY (SUSPENDED, STEP)
23:50:19.470 INFO: [TadState] TAD state changed: READY -> DEBUG_RESUMED (RESUMED, STEP)
23:50:19.705 INFO: [TadState] TAD state changed: DEBUG_RESUMED -> READY (SUSPENDED, STEP)
23:50:25.794 INFO: [TadState] TAD state changed: READY -> DEBUG_RESUMED (RESUMED, STEP)
23:50:26.40 INFO: [TadState] TAD state changed: DEBUG_RESUMED -> READY (SUSPENDED, STEP)
23:50:34.865 INFO: [TadState] TAD state changed: READY -> DEBUG_RESUMED (RESUMED, STEP)
23:50:35.103 INFO: [TadState] TAD state changed: DEBUG_RESUMED -> READY (SUSPENDED, STEP)
23:50:37.632 INFO: [TadState] TAD state changed: READY -> DEBUG_RESUMED (RESUMED, STEP)
23:50:37.813 INFO: [TadState] TAD state changed: DEBUG_RESUMED -> READY (SUSPENDED, STEP)
23:50:40.397 INFO: [TadState] TAD state changed: READY -> DEBUG_RESUMED (RESUMED, STEP)
23:50:40.497 INFO: [TadState] TAD state changed: DEBUG_RESUMED -> READY (SUSPENDED, STEP)
23:50:41.515 INFO: [TadState] TAD state changed: READY -> DEBUG_RESUMED (RESUMED, STEP)
23:50:41.703 INFO: [TadState] TAD state changed: DEBUG_RESUMED -> READY (SUSPENDED, STEP)
23:50:43.351 INFO: [TadState] TAD state changed: READY -> DEBUG_RESUMED (RESUMED, USER_REQUEST)
23:50:43.467 INFO: [TadState] TAD state changed: DEBUG_RESUMED -> READY (SUSPENDED, BREAKPOINT)
23:50:53.483 INFO: [TadState] TAD state changed: READY -> DEBUG_RESUMED (RESUMED, STEP)
23:50:53.967 INFO: [TadState] TAD state changed: DEBUG_RESUMED -> READY (SUSPENDED, STEP)
23:51:18.240 INFO: [TadState] TAD state changed: READY -> DEBUG_RESUMED (RESUMED, STEP)
23:51:18.521 INFO: [TadState] TAD state changed: DEBUG_RESUMED -> READY (SUSPENDED, STEP)
23:51:20.474 INFO: [TadState] TAD state changed: READY -> DEBUG_RESUMED (RESUMED, STEP)
23:51:20.685 INFO: [TadState] TAD state changed: DEBUG_RESUMED -> READY (SUSPENDED, STEP)
23:51:23.295 INFO: [TadState] TAD state changed: READY -> DEBUG_RESUMED (RESUMED, STEP)
23:51:23.403 INFO: [TadState] TAD state changed: DEBUG_RESUMED -> READY (SUSPENDED, STEP)
23:51:25.879 INFO: [TadState] TAD state changed: READY -> DEBUG_RESUMED (RESUMED, STEP)
23:51:26.62 INFO: [TadState] TAD state changed: DEBUG_RESUMED -> READY (SUSPENDED, STEP)
23:51:29.206 INFO: [TadState] TAD state changed: READY -> DEBUG_RESUMED (RESUMED, USER_REQUEST)
23:51:29.313 INFO: [TadState] TAD state changed: DEBUG_RESUMED -> READY (SUSPENDED, BREAKPOINT)
23:51:35.224 INFO: [TadState] TAD state changed: READY -> DEBUG_RESUMED (RESUMED, STEP)
23:51:35.702 INFO: [TadState] TAD state changed: DEBUG_RESUMED -> READY (SUSPENDED, STEP)
23:51:38.229 INFO: [TadState] TAD state changed: READY -> DEBUG_RESUMED (RESUMED, STEP)
23:51:38.502 INFO: [TadState] TAD state changed: DEBUG_RESUMED -> READY (SUSPENDED, STEP)
23:51:39.328 INFO: [TadState] TAD state changed: READY -> DEBUG_RESUMED (RESUMED, STEP)
23:51:39.542 INFO: [TadState] TAD state changed: DEBUG_RESUMED -> READY (SUSPENDED, STEP)
23:51:40.887 INFO: [TadState] TAD state changed: READY -> DEBUG_RESUMED (RESUMED, STEP)
23:51:40.999 INFO: [TadState] TAD state changed: DEBUG_RESUMED -> READY (SUSPENDED, STEP)
23:51:42.362 INFO: [TadState] TAD state changed: READY -> DEBUG_RESUMED (RESUMED, STEP)
23:51:42.548 INFO: [TadState] TAD state changed: DEBUG_RESUMED -> READY (SUSPENDED, STEP)
23:51:43.874 INFO: [TadState] TAD state changed: READY -> DEBUG_RESUMED (RESUMED, STEP)
23:51:48.258 INFO: [TadState] TAD state changed: DEBUG_RESUMED -> READY (SUSPENDED, SIGNAL)
23:51:49.542 INFO: [TadState] TAD state changed: READY -> DEBUG_RESUMED (RESUMED, USER_REQUEST)
23:51:49.652 INFO: [TadState] TAD state changed: DEBUG_RESUMED -> READY (SUSPENDED, BREAKPOINT)
23:51:53.201 INFO: [TadState] TAD state changed: READY -> DEBUG_RESUMED (RESUMED, STEP)
23:51:53.677 INFO: [TadState] TAD state changed: DEBUG_RESUMED -> READY (SUSPENDED, STEP)
23:51:59.95 INFO: [TadState] TAD state changed: READY -> DEBUG_RESUMED (RESUMED, STEP)
23:51:59.360 INFO: [TadState] TAD state changed: DEBUG_RESUMED -> READY (SUSPENDED, STEP)
23:52:01.79 INFO: [TadState] TAD state changed: READY -> DEBUG_RESUMED (RESUMED, STEP)
23:52:01.297 INFO: [TadState] TAD state changed: DEBUG_RESUMED -> READY (SUSPENDED, STEP)
23:52:01.995 INFO: [TadState] TAD state changed: READY -> DEBUG_RESUMED (RESUMED, STEP)
23:52:02.99 INFO: [TadState] TAD state changed: DEBUG_RESUMED -> READY (SUSPENDED, STEP)
23:52:03.261 INFO: [TadState] TAD state changed: READY -> DEBUG_RESUMED (RESUMED, STEP)
23:52:03.437 INFO: [TadState] TAD state changed: DEBUG_RESUMED -> READY (SUSPENDED, STEP)
23:52:04.915 INFO: [TadState] TAD state changed: READY -> DEBUG_RESUMED (RESUMED, USER_REQUEST)
23:52:05.26 INFO: [TadState] TAD state changed: DEBUG_RESUMED -> READY (SUSPENDED, BREAKPOINT)
23:52:06.241 INFO: [TadState] TAD state changed: READY -> DEBUG_RESUMED (RESUMED, STEP)
23:52:06.706 INFO: [TadState] TAD state changed: DEBUG_RESUMED -> READY (SUSPENDED, STEP)
23:52:08.451 INFO: [TadState] TAD state changed: READY -> DEBUG_RESUMED (RESUMED, STEP)
23:52:08.728 INFO: [TadState] TAD state changed: DEBUG_RESUMED -> READY (SUSPENDED, STEP)
23:52:09.573 INFO: [TadState] TAD state changed: READY -> DEBUG_RESUMED (RESUMED, STEP)
23:52:09.788 INFO: [TadState] TAD state changed: DEBUG_RESUMED -> READY (SUSPENDED, STEP)
23:52:15.306 INFO: [TadState] TAD state changed: READY -> DEBUG_RESUMED (RESUMED, STEP)
23:52:15.407 INFO: [TadState] TAD state changed: DEBUG_RESUMED -> READY (SUSPENDED, STEP)
23:52:16.146 INFO: [TadState] TAD state changed: READY -> DEBUG_RESUMED (RESUMED, STEP)
23:52:16.329 INFO: [TadState] TAD state changed: DEBUG_RESUMED -> READY (SUSPENDED, STEP)
23:52:17.608 INFO: [TadState] TAD state changed: READY -> DEBUG_RESUMED (RESUMED, STEP)
23:52:21.298 INFO: [TadState] TAD state changed: DEBUG_RESUMED -> READY (SUSPENDED, SIGNAL)
23:52:22.190 INFO: [TadState] TAD state changed: READY -> DEBUG_RESUMED (RESUMED, USER_REQUEST)
23:52:22.297 INFO: [TadState] TAD state changed: DEBUG_RESUMED -> READY (SUSPENDED, BREAKPOINT)
23:52:30.570 INFO: [TadState] TAD state changed: READY -> DEBUG_RESUMED (RESUMED, STEP)
23:52:30.867 INFO: [TadState] TAD state changed: DEBUG_RESUMED -> READY (SUSPENDED, STEP)
23:52:34.775 INFO: [TadState] TAD state changed: READY -> DEBUG_RESUMED (RESUMED, STEP)
23:52:35.222 INFO: [TadState] TAD state changed: DEBUG_RESUMED -> READY (SUSPENDED, STEP)
23:52:37.181 INFO: [TadState] TAD state changed: READY -> DEBUG_RESUMED (RESUMED, STEP)
23:52:37.454 INFO: [TadState] TAD state changed: DEBUG_RESUMED -> READY (SUSPENDED, STEP)
23:52:39.75 INFO: [TadState] TAD state changed: READY -> DEBUG_RESUMED (RESUMED, STEP)
23:52:39.280 INFO: [TadState] TAD state changed: DEBUG_RESUMED -> READY (SUSPENDED, STEP)
23:52:40.291 INFO: [TadState] TAD state changed: READY -> DEBUG_RESUMED (RESUMED, STEP)
23:52:40.396 INFO: [TadState] TAD state changed: DEBUG_RESUMED -> READY (SUSPENDED, STEP)
23:52:41.348 INFO: [TadState] TAD state changed: READY -> DEBUG_RESUMED (RESUMED, STEP)
23:52:41.534 INFO: [TadState] TAD state changed: DEBUG_RESUMED -> READY (SUSPENDED, STEP)
23:52:43.490 INFO: [TadState] TAD state changed: READY -> DEBUG_RESUMED (RESUMED, USER_REQUEST)
23:52:43.598 INFO: [TadState] TAD state changed: DEBUG_RESUMED -> READY (SUSPENDED, BREAKPOINT)
23:52:49.55 INFO: [TadState] TAD state changed: READY -> DEBUG_RESUMED (RESUMED, STEP)
23:52:49.341 INFO: [TadState] TAD state changed: DEBUG_RESUMED -> READY (SUSPENDED, STEP)
23:52:50.213 INFO: [TadState] TAD state changed: READY -> DEBUG_RESUMED (RESUMED, STEP)
23:52:50.676 INFO: [TadState] TAD state changed: DEBUG_RESUMED -> READY (SUSPENDED, STEP)
23:52:52.669 INFO: [TadState] TAD state changed: READY -> DEBUG_RESUMED (RESUMED, STEP)
23:52:52.937 INFO: [TadState] TAD state changed: DEBUG_RESUMED -> READY (SUSPENDED, STEP)
23:52:54.303 INFO: [TadState] TAD state changed: READY -> DEBUG_RESUMED (RESUMED, STEP)
23:52:54.532 INFO: [TadState] TAD state changed: DEBUG_RESUMED -> READY (SUSPENDED, STEP)
23:52:55.508 INFO: [TadState] TAD state changed: READY -> DEBUG_RESUMED (RESUMED, STEP)
23:52:55.613 INFO: [TadState] TAD state changed: DEBUG_RESUMED -> READY (SUSPENDED, STEP)
23:52:56.875 INFO: [TadState] TAD state changed: READY -> DEBUG_RESUMED (RESUMED, STEP)
23:52:57.57 INFO: [TadState] TAD state changed: DEBUG_RESUMED -> READY (SUSPENDED, STEP)
23:53:00.280 INFO: [TadState] TAD state changed: READY -> DEBUG_RESUMED (RESUMED, USER_REQUEST)
23:53:00.391 INFO: [TadState] TAD state changed: DEBUG_RESUMED -> READY (SUSPENDED, BREAKPOINT)
23:53:03.429 INFO: [TadState] TAD state changed: READY -> DEBUG_RESUMED (RESUMED, STEP)
23:53:03.718 INFO: [TadState] TAD state changed: DEBUG_RESUMED -> READY (SUSPENDED, STEP)
23:53:04.522 INFO: [TadState] TAD state changed: READY -> DEBUG_RESUMED (RESUMED, STEP)
23:53:04.964 INFO: [TadState] TAD state changed: DEBUG_RESUMED -> READY (SUSPENDED, STEP)
23:53:06.433 INFO: [TadState] TAD state changed: READY -> DEBUG_RESUMED (RESUMED, STEP)
23:53:06.700 INFO: [TadState] TAD state changed: DEBUG_RESUMED -> READY (SUSPENDED, STEP)
23:53:07.452 INFO: [TadState] TAD state changed: READY -> DEBUG_RESUMED (RESUMED, STEP)
23:53:07.673 INFO: [TadState] TAD state changed: DEBUG_RESUMED -> READY (SUSPENDED, STEP)
23:53:08.775 INFO: [TadState] TAD state changed: READY -> DEBUG_RESUMED (RESUMED, STEP)
23:53:08.877 INFO: [TadState] TAD state changed: DEBUG_RESUMED -> READY (SUSPENDED, STEP)
23:53:09.530 INFO: [TadState] TAD state changed: READY -> DEBUG_RESUMED (RESUMED, STEP)
23:53:09.714 INFO: [TadState] TAD state changed: DEBUG_RESUMED -> READY (SUSPENDED, STEP)
23:53:10.429 INFO: [TadState] TAD state changed: READY -> DEBUG_RESUMED (RESUMED, USER_REQUEST)
23:53:10.535 INFO: [TadState] TAD state changed: DEBUG_RESUMED -> READY (SUSPENDED, BREAKPOINT)
23:53:12.325 INFO: [TadState] TAD state changed: READY -> DEBUG_RESUMED (RESUMED, STEP)
23:53:12.615 INFO: [TadState] TAD state changed: DEBUG_RESUMED -> READY (SUSPENDED, STEP)
23:53:13.262 INFO: [TadState] TAD state changed: READY -> DEBUG_RESUMED (RESUMED, STEP)
23:53:13.716 INFO: [TadState] TAD state changed: DEBUG_RESUMED -> READY (SUSPENDED, STEP)
23:53:15.898 INFO: [TadState] TAD state changed: READY -> DEBUG_RESUMED (RESUMED, STEP)
23:53:16.167 INFO: [TadState] TAD state changed: DEBUG_RESUMED -> READY (SUSPENDED, STEP)
23:53:18.04 INFO: [TadState] TAD state changed: READY -> DEBUG_RESUMED (RESUMED, USER_REQUEST)
23:53:18.110 INFO: [TadState] TAD state changed: DEBUG_RESUMED -> READY (SUSPENDED, BREAKPOINT)
23:53:19.558 INFO: [TadState] TAD state changed: READY -> DEBUG_RESUMED (RESUMED, STEP)
23:53:19.852 INFO: [TadState] TAD state changed: DEBUG_RESUMED -> READY (SUSPENDED, STEP)
23:53:21.114 INFO: [TadState] TAD state changed: READY -> DEBUG_RESUMED (RESUMED, STEP)
23:53:21.562 INFO: [TadState] TAD state changed: DEBUG_RESUMED -> READY (SUSPENDED, STEP)
23:53:23.583 INFO: [TadState] TAD state changed: READY -> DEBUG_RESUMED (RESUMED, STEP)
23:53:23.848 INFO: [TadState] TAD state changed: DEBUG_RESUMED -> READY (SUSPENDED, STEP)
23:53:25.221 INFO: [TadState] TAD state changed: READY -> DEBUG_RESUMED (RESUMED, STEP)
23:53:25.429 INFO: [TadState] TAD state changed: DEBUG_RESUMED -> READY (SUSPENDED, STEP)
23:53:26.433 INFO: [TadState] TAD state changed: READY -> DEBUG_RESUMED (RESUMED, STEP)
23:53:26.536 INFO: [TadState] TAD state changed: DEBUG_RESUMED -> READY (SUSPENDED, STEP)
23:53:27.326 INFO: [TadState] TAD state changed: READY -> DEBUG_RESUMED (RESUMED, USER_REQUEST)
23:53:27.438 INFO: [TadState] TAD state changed: DEBUG_RESUMED -> READY (SUSPENDED, BREAKPOINT)
23:53:28.591 INFO: [TadState] TAD state changed: READY -> DEBUG_RESUMED (RESUMED, STEP)
23:53:28.883 INFO: [TadState] TAD state changed: DEBUG_RESUMED -> READY (SUSPENDED, STEP)
23:53:31.452 INFO: [TadState] TAD state changed: READY -> DEBUG_RESUMED (RESUMED, STEP)
23:53:31.910 INFO: [TadState] TAD state changed: DEBUG_RESUMED -> READY (SUSPENDED, STEP)
23:53:36.346 INFO: [TadState] TAD state changed: READY -> DEBUG_RESUMED (RESUMED, STEP)
23:53:36.621 INFO: [TadState] TAD state changed: DEBUG_RESUMED -> READY (SUSPENDED, STEP)
23:54:03.749 INFO: [TadState] TAD state changed: READY -> DEBUG_RESUMED (RESUMED, STEP)
23:54:03.961 INFO: [TadState] TAD state changed: DEBUG_RESUMED -> READY (SUSPENDED, STEP)
23:54:04.713 INFO: [TadState] TAD state changed: READY -> DEBUG_RESUMED (RESUMED, STEP)
23:54:04.814 INFO: [TadState] TAD state changed: DEBUG_RESUMED -> READY (SUSPENDED, STEP)
23:54:05.858 INFO: [TadState] TAD state changed: READY -> DEBUG_RESUMED (RESUMED, STEP)
23:54:06.41 INFO: [TadState] TAD state changed: DEBUG_RESUMED -> READY (SUSPENDED, STEP)
23:54:08.110 INFO: [TadState] TAD state changed: READY -> DEBUG_RESUMED (RESUMED, USER_REQUEST)
23:54:08.229 INFO: [TadState] TAD state changed: DEBUG_RESUMED -> READY (SUSPENDED, BREAKPOINT)
23:54:12.540 INFO: [TadState] TAD state changed: READY -> DEBUG_RESUMED (RESUMED, STEP)
23:54:12.823 INFO: [TadState] TAD state changed: DEBUG_RESUMED -> READY (SUSPENDED, STEP)
23:54:13.726 INFO: [TadState] TAD state changed: READY -> DEBUG_RESUMED (RESUMED, STEP)
23:54:14.171 INFO: [TadState] TAD state changed: DEBUG_RESUMED -> READY (SUSPENDED, STEP)
23:54:18.603 INFO: [TadState] TAD state changed: READY -> DEBUG_RESUMED (RESUMED, STEP)
23:54:18.878 INFO: [TadState] TAD state changed: DEBUG_RESUMED -> READY (SUSPENDED, STEP)
23:54:19.564 INFO: [TadState] TAD state changed: READY -> DEBUG_RESUMED (RESUMED, STEP)
23:54:19.775 INFO: [TadState] TAD state changed: DEBUG_RESUMED -> READY (SUSPENDED, STEP)
23:54:20.510 INFO: [TadState] TAD state changed: READY -> DEBUG_RESUMED (RESUMED, STEP)
23:54:20.632 INFO: [TadState] TAD state changed: DEBUG_RESUMED -> READY (SUSPENDED, STEP)
23:54:21.732 INFO: [TadState] TAD state changed: READY -> DEBUG_RESUMED (RESUMED, USER_REQUEST)
23:54:21.834 INFO: [TadState] TAD state changed: DEBUG_RESUMED -> READY (SUSPENDED, BREAKPOINT)
23:54:23.116 INFO: [TadState] TAD state changed: READY -> DEBUG_RESUMED (RESUMED, STEP)
23:54:23.391 INFO: [TadState] TAD state changed: DEBUG_RESUMED -> READY (SUSPENDED, STEP)
23:54:26.789 INFO: [TadState] TAD state changed: READY -> DEBUG_RESUMED (RESUMED, STEP)
23:54:27.231 INFO: [TadState] TAD state changed: DEBUG_RESUMED -> READY (SUSPENDED, STEP)
23:54:28.777 INFO: [TadState] TAD state changed: READY -> DEBUG_RESUMED (RESUMED, STEP)
23:54:29.44 INFO: [TadState] TAD state changed: DEBUG_RESUMED -> READY (SUSPENDED, STEP)
23:54:33.661 INFO: [TadState] TAD state changed: READY -> DEBUG_RESUMED (RESUMED, STEP)
23:54:33.869 INFO: [TadState] TAD state changed: DEBUG_RESUMED -> READY (SUSPENDED, STEP)
23:54:34.740 INFO: [TadState] TAD state changed: READY -> DEBUG_RESUMED (RESUMED, USER_REQUEST)
23:54:34.856 INFO: [TadState] TAD state changed: DEBUG_RESUMED -> READY (SUSPENDED, BREAKPOINT)
23:54:35.845 INFO: [TadState] TAD state changed: READY -> DEBUG_RESUMED (RESUMED, STEP)
23:54:36.126 INFO: [TadState] TAD state changed: DEBUG_RESUMED -> READY (SUSPENDED, STEP)
23:54:36.739 INFO: [TadState] TAD state changed: READY -> DEBUG_RESUMED (RESUMED, STEP)
23:54:37.194 INFO: [TadState] TAD state changed: DEBUG_RESUMED -> READY (SUSPENDED, STEP)
23:54:38.941 INFO: [TadState] TAD state changed: READY -> DEBUG_RESUMED (RESUMED, STEP)
23:54:39.207 INFO: [TadState] TAD state changed: DEBUG_RESUMED -> READY (SUSPENDED, STEP)
23:54:43.404 INFO: [TadState] TAD state changed: READY -> DEBUG_RESUMED (RESUMED, STEP)
23:54:43.610 INFO: [TadState] TAD state changed: DEBUG_RESUMED -> READY (SUSPENDED, STEP)
23:54:44.234 INFO: [TadState] TAD state changed: READY -> DEBUG_RESUMED (RESUMED, STEP)
23:54:44.341 INFO: [TadState] TAD state changed: DEBUG_RESUMED -> READY (SUSPENDED, STEP)
23:54:45.01 INFO: [TadState] TAD state changed: READY -> DEBUG_RESUMED (RESUMED, STEP)
23:54:45.191 INFO: [TadState] TAD state changed: DEBUG_RESUMED -> READY (SUSPENDED, STEP)
23:54:47.841 INFO: [TadState] TAD state changed: READY -> DEBUG_RESUMED (RESUMED, USER_REQUEST)
23:54:47.955 INFO: [TadState] TAD state changed: DEBUG_RESUMED -> READY (SUSPENDED, BREAKPOINT)
23:54:53.819 INFO: [TadState] TAD state changed: READY -> DEBUG_RESUMED (RESUMED, STEP)
23:54:54.102 INFO: [TadState] TAD state changed: DEBUG_RESUMED -> READY (SUSPENDED, STEP)
23:54:55.749 INFO: [TadState] TAD state changed: READY -> DEBUG_RESUMED (RESUMED, STEP)
23:54:55.993 INFO: [TadState] TAD state changed: DEBUG_RESUMED -> READY (SUSPENDED, STEP)
23:54:59.197 INFO: [TadState] TAD state changed: READY -> DEBUG_RESUMED (RESUMED, STEP)
23:54:59.661 INFO: [TadState] TAD state changed: DEBUG_RESUMED -> READY (SUSPENDED, STEP)
23:55:01.276 INFO: [TadState] TAD state changed: READY -> DEBUG_RESUMED (RESUMED, STEP)
23:55:01.553 INFO: [TadState] TAD state changed: DEBUG_RESUMED -> READY (SUSPENDED, STEP)
23:55:05.967 INFO: [TadState] TAD state changed: READY -> DEBUG_RESUMED (RESUMED, STEP)
23:55:06.177 INFO: [TadState] TAD state changed: DEBUG_RESUMED -> READY (SUSPENDED, STEP)
23:55:07.07 INFO: [TadState] TAD state changed: READY -> DEBUG_RESUMED (RESUMED, STEP)
23:55:07.115 INFO: [TadState] TAD state changed: DEBUG_RESUMED -> READY (SUSPENDED, STEP)
23:55:07.994 INFO: [TadState] TAD state changed: READY -> DEBUG_RESUMED (RESUMED, STEP)
23:55:08.184 INFO: [TadState] TAD state changed: DEBUG_RESUMED -> READY (SUSPENDED, STEP)
23:55:10.117 INFO: [TadState] TAD state changed: READY -> DEBUG_RESUMED (RESUMED, USER_REQUEST)
23:55:10.225 INFO: [TadState] TAD state changed: DEBUG_RESUMED -> READY (SUSPENDED, BREAKPOINT)
23:55:11.545 INFO: [TadState] TAD state changed: READY -> DEBUG_RESUMED (RESUMED, STEP)
23:55:11.834 INFO: [TadState] TAD state changed: DEBUG_RESUMED -> READY (SUSPENDED, STEP)
23:55:12.690 INFO: [TadState] TAD state changed: READY -> DEBUG_RESUMED (RESUMED, STEP)
23:55:12.936 INFO: [TadState] TAD state changed: DEBUG_RESUMED -> READY (SUSPENDED, STEP)
23:55:13.941 INFO: [TadState] TAD state changed: READY -> DEBUG_RESUMED (RESUMED, STEP)
23:55:14.395 INFO: [TadState] TAD state changed: DEBUG_RESUMED -> READY (SUSPENDED, STEP)
23:55:16.55 INFO: [TadState] TAD state changed: READY -> DEBUG_RESUMED (RESUMED, STEP)
23:55:16.312 INFO: [TadState] TAD state changed: DEBUG_RESUMED -> READY (SUSPENDED, STEP)
23:55:17.24 INFO: [TadState] TAD state changed: READY -> DEBUG_RESUMED (RESUMED, STEP)
23:55:17.229 INFO: [TadState] TAD state changed: DEBUG_RESUMED -> READY (SUSPENDED, STEP)
23:55:17.860 INFO: [TadState] TAD state changed: READY -> DEBUG_RESUMED (RESUMED, STEP)
23:55:17.973 INFO: [TadState] TAD state changed: DEBUG_RESUMED -> READY (SUSPENDED, STEP)
23:55:18.941 INFO: [TadState] TAD state changed: READY -> DEBUG_RESUMED (RESUMED, STEP)
23:55:19.126 INFO: [TadState] TAD state changed: DEBUG_RESUMED -> READY (SUSPENDED, STEP)
23:55:20.128 INFO: [TadState] TAD state changed: READY -> DEBUG_RESUMED (RESUMED, STEP)
23:55:22.667 INFO: [TadState] TAD state changed: DEBUG_RESUMED -> READY (SUSPENDED, SIGNAL)
23:55:23.447 INFO: [TadState] TAD state changed: READY -> DEBUG_RESUMED (RESUMED, USER_REQUEST)
23:55:23.550 INFO: [TadState] TAD state changed: DEBUG_RESUMED -> READY (SUSPENDED, BREAKPOINT)
23:55:26.476 INFO: [TadState] TAD state changed: READY -> DEBUG_RESUMED (RESUMED, STEP)
23:55:26.770 INFO: [TadState] TAD state changed: DEBUG_RESUMED -> READY (SUSPENDED, STEP)
23:55:27.665 INFO: [TadState] TAD state changed: READY -> DEBUG_RESUMED (RESUMED, STEP)
23:55:27.907 INFO: [TadState] TAD state changed: DEBUG_RESUMED -> READY (SUSPENDED, STEP)
23:55:29.365 INFO: [TadState] TAD state changed: READY -> DEBUG_RESUMED (RESUMED, USER_REQUEST)
23:55:29.473 INFO: [TadState] TAD state changed: DEBUG_RESUMED -> READY (SUSPENDED, BREAKPOINT)
23:55:31.603 INFO: [TadState] TAD state changed: READY -> DEBUG_RESUMED (RESUMED, STEP)
23:55:31.883 INFO: [TadState] TAD state changed: DEBUG_RESUMED -> READY (SUSPENDED, STEP)
23:55:35.299 INFO: [TadState] TAD state changed: READY -> DEBUG_RESUMED (RESUMED, STEP)
23:55:35.559 INFO: [TadState] TAD state changed: DEBUG_RESUMED -> READY (SUSPENDED, STEP)
23:55:36.323 INFO: [TadState] TAD state changed: READY -> DEBUG_RESUMED (RESUMED, STEP)
23:55:36.770 INFO: [TadState] TAD state changed: DEBUG_RESUMED -> READY (SUSPENDED, STEP)
23:55:41.99 INFO: [TadState] TAD state changed: READY -> DEBUG_RESUMED (RESUMED, USER_REQUEST)
23:55:41.215 INFO: [TadState] TAD state changed: DEBUG_RESUMED -> READY (SUSPENDED, BREAKPOINT)
23:55:42.699 INFO: [TadState] TAD state changed: READY -> DEBUG_RESUMED (RESUMED, STEP)
23:55:42.977 INFO: [TadState] TAD state changed: DEBUG_RESUMED -> READY (SUSPENDED, STEP)
23:55:43.669 INFO: [TadState] TAD state changed: READY -> DEBUG_RESUMED (RESUMED, STEP)
23:55:43.904 INFO: [TadState] TAD state changed: DEBUG_RESUMED -> READY (SUSPENDED, STEP)
23:55:45.505 INFO: [TadState] TAD state changed: READY -> DEBUG_RESUMED (RESUMED, STEP)
23:55:45.750 INFO: [TadState] TAD state changed: DEBUG_RESUMED -> READY (SUSPENDED, STEP)
23:55:48.125 INFO: [TadState] TAD state changed: READY -> DEBUG_RESUMED (RESUMED, STEP)
23:55:48.329 INFO: [TadState] TAD state changed: DEBUG_RESUMED -> READY (SUSPENDED, STEP)
23:55:52.57 INFO: [TadState] TAD state changed: READY -> DEBUG_RESUMED (RESUMED, STEP)
23:55:52.291 INFO: [TadState] TAD state changed: DEBUG_RESUMED -> READY (SUSPENDED, STEP)
23:55:59.905 INFO: [TadState] TAD state changed: READY -> DEBUG_RESUMED (RESUMED, STEP)
23:56:00.74 INFO: [TadState] TAD state changed: DEBUG_RESUMED -> READY (SUSPENDED, STEP)
23:56:01.134 INFO: [TadState] TAD state changed: READY -> DEBUG_RESUMED (RESUMED, STEP)
23:56:01.294 INFO: [TadState] TAD state changed: DEBUG_RESUMED -> READY (SUSPENDED, STEP)
23:56:02.355 INFO: [TadState] TAD state changed: READY -> DEBUG_RESUMED (RESUMED, STEP)
23:56:02.461 INFO: [TadState] TAD state changed: DEBUG_RESUMED -> READY (SUSPENDED, STEP)
23:56:04.122 INFO: [TadState] TAD state changed: READY -> DEBUG_RESUMED (RESUMED, STEP)
23:56:04.309 INFO: [TadState] TAD state changed: DEBUG_RESUMED -> READY (SUSPENDED, STEP)
23:56:05.252 INFO: [TadState] TAD state changed: READY -> DEBUG_RESUMED (RESUMED, USER_REQUEST)
23:56:08.693 INFO: [TadState] TAD state changed: DEBUG_RESUMED -> READY (SUSPENDED, BREAKPOINT)
23:56:13.267 INFO: [TadState] TAD state changed: READY -> DEBUG_RESUMED (RESUMED, STEP)
23:56:13.531 INFO: [TadState] TAD state changed: DEBUG_RESUMED -> READY (SUSPENDED, STEP)
23:56:14.254 INFO: [TadState] TAD state changed: READY -> DEBUG_RESUMED (RESUMED, STEP)
23:56:14.485 INFO: [TadState] TAD state changed: DEBUG_RESUMED -> READY (SUSPENDED, STEP)
23:56:15.647 INFO: [TadState] TAD state changed: READY -> DEBUG_RESUMED (RESUMED, STEP)
23:56:15.879 INFO: [TadState] TAD state changed: DEBUG_RESUMED -> READY (SUSPENDED, STEP)
23:56:16.509 INFO: [TadState] TAD state changed: READY -> DEBUG_RESUMED (RESUMED, STEP)
23:56:16.745 INFO: [TadState] TAD state changed: DEBUG_RESUMED -> READY (SUSPENDED, STEP)
23:56:17.398 INFO: [TadState] TAD state changed: READY -> DEBUG_RESUMED (RESUMED, STEP)
23:56:17.570 INFO: [TadState] TAD state changed: DEBUG_RESUMED -> READY (SUSPENDED, STEP)
23:56:18.396 INFO: [TadState] TAD state changed: READY -> DEBUG_RESUMED (RESUMED, STEP)
23:56:18.497 INFO: [TadState] TAD state changed: DEBUG_RESUMED -> READY (SUSPENDED, STEP)
23:56:20.175 INFO: [TadState] TAD state changed: READY -> DEBUG_RESUMED (RESUMED, USER_REQUEST)
23:56:20.286 INFO: [TadState] TAD state changed: DEBUG_RESUMED -> READY (SUSPENDED, BREAKPOINT)
23:56:24.699 INFO: [TadState] TAD state changed: READY -> DEBUG_RESUMED (RESUMED, STEP)
23:56:25.188 INFO: [TadState] TAD state changed: DEBUG_RESUMED -> READY (SUSPENDED, STEP)
23:56:26.566 INFO: [TadState] TAD state changed: READY -> DEBUG_RESUMED (RESUMED, STEP)
23:56:26.835 INFO: [TadState] TAD state changed: DEBUG_RESUMED -> READY (SUSPENDED, STEP)
23:56:27.494 INFO: [TadState] TAD state changed: READY -> DEBUG_RESUMED (RESUMED, STEP)
23:56:27.707 INFO: [TadState] TAD state changed: DEBUG_RESUMED -> READY (SUSPENDED, STEP)
23:56:28.420 INFO: [TadState] TAD state changed: READY -> DEBUG_RESUMED (RESUMED, STEP)
23:56:28.525 INFO: [TadState] TAD state changed: DEBUG_RESUMED -> READY (SUSPENDED, STEP)
23:56:29.658 INFO: [TadState] TAD state changed: READY -> DEBUG_RESUMED (RESUMED, USER_REQUEST)
23:56:29.762 INFO: [TadState] TAD state changed: DEBUG_RESUMED -> READY (SUSPENDED, BREAKPOINT)
23:56:31.381 INFO: [TadState] TAD state changed: READY -> DEBUG_RESUMED (RESUMED, USER_REQUEST)
23:56:31.555 INFO: [TadState] TAD state changed: DEBUG_RESUMED -> READY (SUSPENDED, BREAKPOINT)
23:56:33.156 INFO: [TadState] TAD state changed: READY -> DEBUG_RESUMED (RESUMED, USER_REQUEST)
23:56:33.329 INFO: [TadState] TAD state changed: DEBUG_RESUMED -> READY (SUSPENDED, BREAKPOINT)
23:56:35.361 INFO: [TadState] TAD state changed: READY -> DEBUG_RESUMED (RESUMED, USER_REQUEST)
23:56:35.534 INFO: [TadState] TAD state changed: DEBUG_RESUMED -> READY (SUSPENDED, BREAKPOINT)
23:56:37.870 INFO: [TadState] TAD state changed: READY -> DEBUG_RESUMED (RESUMED, STEP)
23:56:38.148 INFO: [TadState] TAD state changed: DEBUG_RESUMED -> READY (SUSPENDED, STEP)
23:56:38.819 INFO: [TadState] TAD state changed: READY -> DEBUG_RESUMED (RESUMED, STEP)
23:56:39.270 INFO: [TadState] TAD state changed: DEBUG_RESUMED -> READY (SUSPENDED, STEP)
23:56:42.572 INFO: [TadState] TAD state changed: READY -> DEBUG_RESUMED (RESUMED, STEP)
23:56:42.838 INFO: [TadState] TAD state changed: DEBUG_RESUMED -> READY (SUSPENDED, STEP)
23:56:43.755 INFO: [TadState] TAD state changed: READY -> DEBUG_RESUMED (RESUMED, STEP)
23:56:43.965 INFO: [TadState] TAD state changed: DEBUG_RESUMED -> READY (SUSPENDED, STEP)
23:56:44.755 INFO: [TadState] TAD state changed: READY -> DEBUG_RESUMED (RESUMED, STEP)
23:56:44.872 INFO: [TadState] TAD state changed: DEBUG_RESUMED -> READY (SUSPENDED, STEP)
23:56:45.587 INFO: [TadState] TAD state changed: READY -> DEBUG_RESUMED (RESUMED, STEP)
23:56:45.774 INFO: [TadState] TAD state changed: DEBUG_RESUMED -> READY (SUSPENDED, STEP)
23:57:05.814 INFO: [TadState] TAD state changed: READY -> DEBUG_RESUMED (RESUMED, USER_REQUEST)
23:57:05.910 INFO: [TadState] TAD state changed: DEBUG_RESUMED -> READY (SUSPENDED, BREAKPOINT)
23:57:08.505 INFO: [TadState] TAD state changed: READY -> DEBUG_RESUMED (RESUMED, STEP)
23:57:08.771 INFO: [TadState] TAD state changed: DEBUG_RESUMED -> READY (SUSPENDED, STEP)
23:57:09.438 INFO: [TadState] TAD state changed: READY -> DEBUG_RESUMED (RESUMED, STEP)
23:57:09.678 INFO: [TadState] TAD state changed: DEBUG_RESUMED -> READY (SUSPENDED, STEP)
23:57:16.404 INFO: [TadState] TAD state changed: READY -> DEBUG_RESUMED (RESUMED, STEP)
23:57:16.638 INFO: [TadState] TAD state changed: DEBUG_RESUMED -> READY (SUSPENDED, STEP)
23:57:21.153 INFO: [TadState] TAD state changed: READY -> DEBUG_RESUMED (RESUMED, STEP)
23:57:21.372 INFO: [TadState] TAD state changed: DEBUG_RESUMED -> READY (SUSPENDED, STEP)
23:57:22.892 INFO: [TadState] TAD state changed: READY -> DEBUG_RESUMED (RESUMED, STEP)
23:57:23.129 INFO: [TadState] TAD state changed: DEBUG_RESUMED -> READY (SUSPENDED, STEP)
23:57:25.957 INFO: [TadState] TAD state changed: READY -> DEBUG_RESUMED (RESUMED, STEP)
23:57:26.117 INFO: [TadState] TAD state changed: DEBUG_RESUMED -> READY (SUSPENDED, STEP)
23:57:27.349 INFO: [TadState] TAD state changed: READY -> DEBUG_RESUMED (RESUMED, STEP)
23:57:27.513 INFO: [TadState] TAD state changed: DEBUG_RESUMED -> READY (SUSPENDED, STEP)
23:57:28.972 INFO: [TadState] TAD state changed: READY -> DEBUG_RESUMED (RESUMED, STEP)
23:57:29.87 INFO: [TadState] TAD state changed: DEBUG_RESUMED -> READY (SUSPENDED, STEP)
23:57:30.864 INFO: [TadState] TAD state changed: READY -> DEBUG_RESUMED (RESUMED, USER_REQUEST)
23:57:33.322 INFO: [TadState] TAD state changed: DEBUG_RESUMED -> READY (SUSPENDED, BREAKPOINT)
23:57:35.330 INFO: [TadState] TAD state changed: READY -> DEBUG_RESUMED (RESUMED, USER_REQUEST)
23:57:35.502 INFO: [TadState] TAD state changed: DEBUG_RESUMED -> READY (SUSPENDED, BREAKPOINT)
00:09:20.785 INFO: [TadState] TAD state changed: READY -> DEBUG_RESUMED (RESUMED, STEP)
00:09:21.255 INFO: [TadState] TAD state changed: DEBUG_RESUMED -> READY (SUSPENDED, STEP)
00:09:22.366 INFO: [TadState] TAD state changed: READY -> DEBUG_RESUMED (RESUMED, STEP)
00:09:22.630 INFO: [TadState] TAD state changed: DEBUG_RESUMED -> READY (SUSPENDED, STEP)
00:09:25.570 INFO: [TadState] TAD state changed: READY -> DEBUG_RESUMED (RESUMED, STEP)
00:09:25.777 INFO: [TadState] TAD state changed: DEBUG_RESUMED -> READY (SUSPENDED, STEP)
00:09:26.454 INFO: [TadState] TAD state changed: READY -> DEBUG_RESUMED (RESUMED, STEP)
00:09:26.556 INFO: [TadState] TAD state changed: DEBUG_RESUMED -> READY (SUSPENDED, STEP)
00:09:27.41 INFO: [TadState] TAD state changed: READY -> DEBUG_RESUMED (RESUMED, STEP)
00:09:27.236 INFO: [TadState] TAD state changed: DEBUG_RESUMED -> READY (SUSPENDED, STEP)
00:09:32.700 INFO: [TadState] TAD state changed: READY -> DEBUG_RESUMED (RESUMED, USER_REQUEST)
00:09:32.796 INFO: [TadState] TAD state changed: DEBUG_RESUMED -> READY (SUSPENDED, BREAKPOINT)
00:09:33.857 INFO: [TadState] TAD state changed: READY -> DEBUG_RESUMED (RESUMED, STEP)
00:09:34.111 INFO: [TadState] TAD state changed: DEBUG_RESUMED -> READY (SUSPENDED, STEP)
00:09:34.442 INFO: [TadState] TAD state changed: READY -> DEBUG_RESUMED (RESUMED, STEP)
00:09:34.682 INFO: [TadState] TAD state changed: DEBUG_RESUMED -> READY (SUSPENDED, STEP)
00:09:35.588 INFO: [TadState] TAD state changed: READY -> DEBUG_RESUMED (RESUMED, STEP)
00:09:35.822 INFO: [TadState] TAD state changed: DEBUG_RESUMED -> READY (SUSPENDED, STEP)
00:09:36.552 INFO: [TadState] TAD state changed: READY -> DEBUG_RESUMED (RESUMED, STEP)
00:09:36.767 INFO: [TadState] TAD state changed: DEBUG_RESUMED -> READY (SUSPENDED, STEP)
00:09:37.225 INFO: [TadState] TAD state changed: READY -> DEBUG_RESUMED (RESUMED, STEP)
00:09:37.465 INFO: [TadState] TAD state changed: DEBUG_RESUMED -> READY (SUSPENDED, STEP)
00:09:39.50 INFO: [TadState] TAD state changed: READY -> DEBUG_RESUMED (RESUMED, STEP)
00:09:39.213 INFO: [TadState] TAD state changed: DEBUG_RESUMED -> READY (SUSPENDED, STEP)
00:09:39.662 INFO: [TadState] TAD state changed: READY -> DEBUG_RESUMED (RESUMED, STEP)
00:09:39.830 INFO: [TadState] TAD state changed: DEBUG_RESUMED -> READY (SUSPENDED, STEP)
00:09:40.755 INFO: [TadState] TAD state changed: READY -> DEBUG_RESUMED (RESUMED, STEP)
00:09:40.851 INFO: [TadState] TAD state changed: DEBUG_RESUMED -> READY (SUSPENDED, STEP)
00:09:41.910 INFO: [TadState] TAD state changed: READY -> DEBUG_RESUMED (RESUMED, USER_REQUEST)
00:09:53.529 INFO: [TadState] TAD state changed: DEBUG_RESUMED -> READY (SUSPENDED, BREAKPOINT)
00:10:05.396 INFO: [TadState] TAD state changed: READY -> DEBUG_RESUMED (RESUMED, USER_REQUEST)
00:10:13.446 INFO: [TadState] TAD state changed: DEBUG_RESUMED -> READY (SUSPENDED, SIGNAL)
00:10:21.888 INFO: [TadState] TAD state changed: READY -> DEBUG_RESUMED (RESUMED, USER_REQUEST)
00:20:09.903 INFO: [TadState] TAD state changed: DEBUG_RESUMED -> READY (SUSPENDED, SIGNAL)
00:20:11.43 INFO: [TadModel] DSF session ID 4 has ended.
