"Task Aware Debugger for GDB" version 11.4.0 (202107011009)
(c) 2016-2021 NXP Semiconductors, Inc.
==================================
21:47:10.656 INFO: [TadModel] DSF session ID 5 has started.
21:47:16.783 INFO: [TadState] TAD state changed: DEBUG_STARTED -> DEBUG_INIT_0 (RESUMED, USER_REQUEST)
21:47:16.827 INFO: [TadState] TAD state changed: DEBUG_INIT_0 -> DEBUG_INIT_1 (SUSPENDED, SIGNAL)
21:47:17.477 INFO: [TadState] TAD state changed: DEBUG_INIT_1 -> DEBUG_SUSPENDED (RESUMED, USER_REQUEST)
21:47:17.588 INFO: [TadState] TAD state changed: DEBUG_SUSPENDED -> DEBUG_SUSPENDED (SUSPENDED, BREAKPOINT)
21:47:31.362 INFO: [TadState] TAD state changed: DEBUG_SUSPENDED -> DEBUG_RESUMED (RESUMED, STEP)
21:47:31.565 INFO: [TadState] TAD state changed: DEBUG_RESUMED -> READY (SUSPENDED, STEP)
21:47:34.243 INFO: [TadState] TAD state changed: READY -> DEBUG_RESUMED (RESUMED, STEP)
21:47:34.435 INFO: [TadState] TAD state changed: DEBUG_RESUMED -> READY (SUSPENDED, BREAKPOINT)
21:47:44.46 INFO: [TadState] TAD state changed: READY -> DEBUG_RESUMED (RESUMED, USER_REQUEST)
21:47:44.237 INFO: [TadState] TAD state changed: DEBUG_RESUMED -> READY (SUSPENDED, BREAKPOINT)
21:47:48.603 INFO: [TadState] TAD state changed: READY -> DEBUG_RESUMED (RESUMED, STEP)
21:47:48.805 INFO: [TadState] TAD state changed: DEBUG_RESUMED -> READY (SUSPENDED, STEP)
21:47:51.439 INFO: [TadState] TAD state changed: READY -> DEBUG_RESUMED (RESUMED, STEP)
21:47:51.635 INFO: [TadState] TAD state changed: DEBUG_RESUMED -> READY (SUSPENDED, STEP)
21:47:52.981 INFO: [TadState] TAD state changed: READY -> DEBUG_RESUMED (RESUMED, STEP)
21:47:53.216 INFO: [TadState] TAD state changed: DEBUG_RESUMED -> READY (SUSPENDED, STEP)
21:47:54.77 INFO: [TadState] TAD state changed: READY -> DEBUG_RESUMED (RESUMED, USER_REQUEST)
21:47:54.167 INFO: [TadState] TAD state changed: DEBUG_RESUMED -> READY (SUSPENDED, BREAKPOINT)
21:48:06.827 INFO: [TadState] TAD state changed: READY -> DEBUG_RESUMED (RESUMED, STEP)
21:48:07.16 INFO: [TadState] TAD state changed: DEBUG_RESUMED -> READY (SUSPENDED, STEP)
21:48:21.70 INFO: [TadState] TAD state changed: READY -> DEBUG_RESUMED (RESUMED, STEP)
21:48:21.270 INFO: [TadState] TAD state changed: DEBUG_RESUMED -> READY (SUSPENDED, STEP)
21:48:24.11 INFO: [TadState] TAD state changed: READY -> DEBUG_RESUMED (RESUMED, STEP)
21:48:24.283 INFO: [TadState] TAD state changed: DEBUG_RESUMED -> READY (SUSPENDED, STEP)
21:48:30.915 INFO: [TadState] TAD state changed: READY -> DEBUG_RESUMED (RESUMED, STEP)
21:48:31.71 INFO: [TadState] TAD state changed: DEBUG_RESUMED -> READY (SUSPENDED, STEP)
21:51:58.233 INFO: [TadState] TAD state changed: READY -> DEBUG_RESUMED (RESUMED, STEP)
21:51:58.319 INFO: [TadState] TAD state changed: DEBUG_RESUMED -> READY (SUSPENDED, STEP)
21:51:59.217 INFO: [TadState] TAD state changed: READY -> DEBUG_RESUMED (RESUMED, STEP)
21:51:59.735 INFO: [TadState] TAD state changed: DEBUG_RESUMED -> READY (SUSPENDED, STEP)
21:52:01.371 INFO: [TadState] TAD state changed: READY -> DEBUG_RESUMED (RESUMED, USER_REQUEST)
21:52:01.457 INFO: [TadState] TAD state changed: DEBUG_RESUMED -> READY (SUSPENDED, BREAKPOINT)
21:52:02.471 INFO: [TadState] TAD state changed: READY -> DEBUG_RESUMED (RESUMED, STEP)
21:52:02.656 INFO: [TadState] TAD state changed: DEBUG_RESUMED -> READY (SUSPENDED, STEP)
21:52:05.305 INFO: [TadState] TAD state changed: READY -> DEBUG_RESUMED (RESUMED, STEP)
21:52:05.503 INFO: [TadState] TAD state changed: DEBUG_RESUMED -> READY (SUSPENDED, STEP)
21:52:06.669 INFO: [TadState] TAD state changed: READY -> DEBUG_RESUMED (RESUMED, STEP)
21:52:06.938 INFO: [TadState] TAD state changed: DEBUG_RESUMED -> READY (SUSPENDED, STEP)
21:52:17.878 INFO: [TadState] TAD state changed: READY -> DEBUG_RESUMED (RESUMED, STEP)
21:52:18.26 INFO: [TadState] TAD state changed: DEBUG_RESUMED -> READY (SUSPENDED, STEP)
21:52:21.781 INFO: [TadState] TAD state changed: READY -> DEBUG_RESUMED (RESUMED, USER_REQUEST)
21:52:21.877 INFO: [TadState] TAD state changed: DEBUG_RESUMED -> READY (SUSPENDED, BREAKPOINT)
21:52:22.913 INFO: [TadState] TAD state changed: READY -> DEBUG_RESUMED (RESUMED, STEP)
21:52:23.92 INFO: [TadState] TAD state changed: DEBUG_RESUMED -> READY (SUSPENDED, STEP)
21:52:24.12 INFO: [TadState] TAD state changed: READY -> DEBUG_RESUMED (RESUMED, STEP)
21:52:24.227 INFO: [TadState] TAD state changed: DEBUG_RESUMED -> READY (SUSPENDED, STEP)
21:52:24.980 INFO: [TadState] TAD state changed: READY -> DEBUG_RESUMED (RESUMED, STEP)
21:52:25.253 INFO: [TadState] TAD state changed: DEBUG_RESUMED -> READY (SUSPENDED, STEP)
21:52:29.518 INFO: [TadState] TAD state changed: READY -> DEBUG_RESUMED (RESUMED, USER_REQUEST)
21:52:29.612 INFO: [TadState] TAD state changed: DEBUG_RESUMED -> READY (SUSPENDED, BREAKPOINT)
21:52:32.423 INFO: [TadState] TAD state changed: READY -> DEBUG_RESUMED (RESUMED, STEP)
21:52:32.614 INFO: [TadState] TAD state changed: DEBUG_RESUMED -> READY (SUSPENDED, STEP)
21:52:33.900 INFO: [TadState] TAD state changed: READY -> DEBUG_RESUMED (RESUMED, STEP)
21:52:34.117 INFO: [TadState] TAD state changed: DEBUG_RESUMED -> READY (SUSPENDED, STEP)
21:52:34.867 INFO: [TadState] TAD state changed: READY -> DEBUG_RESUMED (RESUMED, STEP)
21:52:35.124 INFO: [TadState] TAD state changed: DEBUG_RESUMED -> READY (SUSPENDED, STEP)
21:52:39.391 INFO: [TadState] TAD state changed: READY -> DEBUG_RESUMED (RESUMED, STEP)
21:52:39.537 INFO: [TadState] TAD state changed: DEBUG_RESUMED -> READY (SUSPENDED, STEP)
21:52:43.177 INFO: [TadState] TAD state changed: READY -> DEBUG_RESUMED (RESUMED, USER_REQUEST)
21:52:43.270 INFO: [TadState] TAD state changed: DEBUG_RESUMED -> READY (SUSPENDED, BREAKPOINT)
21:52:44.969 INFO: [TadState] TAD state changed: READY -> DEBUG_RESUMED (RESUMED, STEP)
21:52:45.156 INFO: [TadState] TAD state changed: DEBUG_RESUMED -> READY (SUSPENDED, STEP)
21:52:47.946 INFO: [TadState] TAD state changed: READY -> DEBUG_RESUMED (RESUMED, STEP)
21:52:48.168 INFO: [TadState] TAD state changed: DEBUG_RESUMED -> READY (SUSPENDED, STEP)
21:52:49.147 INFO: [TadState] TAD state changed: READY -> DEBUG_RESUMED (RESUMED, USER_REQUEST)
21:52:49.243 INFO: [TadState] TAD state changed: DEBUG_RESUMED -> READY (SUSPENDED, BREAKPOINT)
21:52:50.303 INFO: [TadState] TAD state changed: READY -> DEBUG_RESUMED (RESUMED, STEP)
21:52:50.491 INFO: [TadState] TAD state changed: DEBUG_RESUMED -> READY (SUSPENDED, STEP)
21:52:52.90 INFO: [TadState] TAD state changed: READY -> DEBUG_RESUMED (RESUMED, STEP)
21:52:52.297 INFO: [TadState] TAD state changed: DEBUG_RESUMED -> READY (SUSPENDED, STEP)
21:52:53.379 INFO: [TadState] TAD state changed: READY -> DEBUG_RESUMED (RESUMED, STEP)
21:52:53.646 INFO: [TadState] TAD state changed: DEBUG_RESUMED -> READY (SUSPENDED, STEP)
21:52:56.229 INFO: [TadState] TAD state changed: READY -> DEBUG_RESUMED (RESUMED, STEP)
21:52:56.376 INFO: [TadState] TAD state changed: DEBUG_RESUMED -> READY (SUSPENDED, STEP)
21:53:00.942 INFO: [TadState] TAD state changed: READY -> DEBUG_RESUMED (RESUMED, USER_REQUEST)
21:53:01.33 INFO: [TadState] TAD state changed: DEBUG_RESUMED -> READY (SUSPENDED, BREAKPOINT)
21:53:01.837 INFO: [TadState] TAD state changed: READY -> DEBUG_RESUMED (RESUMED, STEP)
21:53:02.20 INFO: [TadState] TAD state changed: DEBUG_RESUMED -> READY (SUSPENDED, STEP)
21:53:02.539 INFO: [TadState] TAD state changed: READY -> DEBUG_RESUMED (RESUMED, STEP)
21:53:02.728 INFO: [TadState] TAD state changed: DEBUG_RESUMED -> READY (SUSPENDED, STEP)
21:53:03.265 INFO: [TadState] TAD state changed: READY -> DEBUG_RESUMED (RESUMED, STEP)
21:53:03.532 INFO: [TadState] TAD state changed: DEBUG_RESUMED -> READY (SUSPENDED, STEP)
21:53:06.883 INFO: [TadState] TAD state changed: READY -> DEBUG_RESUMED (RESUMED, STEP)
21:53:07.40 INFO: [TadState] TAD state changed: DEBUG_RESUMED -> READY (SUSPENDED, STEP)
21:53:07.759 INFO: [TadState] TAD state changed: READY -> DEBUG_RESUMED (RESUMED, USER_REQUEST)
21:53:07.847 INFO: [TadState] TAD state changed: DEBUG_RESUMED -> READY (SUSPENDED, BREAKPOINT)
21:53:08.636 INFO: [TadState] TAD state changed: READY -> DEBUG_RESUMED (RESUMED, STEP)
21:53:08.821 INFO: [TadState] TAD state changed: DEBUG_RESUMED -> READY (SUSPENDED, STEP)
21:53:09.404 INFO: [TadState] TAD state changed: READY -> DEBUG_RESUMED (RESUMED, STEP)
21:53:09.612 INFO: [TadState] TAD state changed: DEBUG_RESUMED -> READY (SUSPENDED, STEP)
21:53:10.348 INFO: [TadState] TAD state changed: READY -> DEBUG_RESUMED (RESUMED, STEP)
21:53:10.615 INFO: [TadState] TAD state changed: DEBUG_RESUMED -> READY (SUSPENDED, STEP)
21:53:13.870 INFO: [TadState] TAD state changed: READY -> DEBUG_RESUMED (RESUMED, USER_REQUEST)
21:53:13.961 INFO: [TadState] TAD state changed: DEBUG_RESUMED -> READY (SUSPENDED, BREAKPOINT)
21:53:17.816 INFO: [TadState] TAD state changed: READY -> DEBUG_RESUMED (RESUMED, STEP)
21:53:17.999 INFO: [TadState] TAD state changed: DEBUG_RESUMED -> READY (SUSPENDED, STEP)
21:53:18.938 INFO: [TadState] TAD state changed: READY -> DEBUG_RESUMED (RESUMED, STEP)
21:53:19.139 INFO: [TadState] TAD state changed: DEBUG_RESUMED -> READY (SUSPENDED, STEP)
21:53:19.532 INFO: [TadState] TAD state changed: READY -> DEBUG_RESUMED (RESUMED, STEP)
21:53:19.791 INFO: [TadState] TAD state changed: DEBUG_RESUMED -> READY (SUSPENDED, STEP)
21:53:25.577 INFO: [TadState] TAD state changed: READY -> DEBUG_RESUMED (RESUMED, USER_REQUEST)
21:53:25.657 INFO: [TadState] TAD state changed: DEBUG_RESUMED -> READY (SUSPENDED, BREAKPOINT)
21:53:26.423 INFO: [TadState] TAD state changed: READY -> DEBUG_RESUMED (RESUMED, STEP)
21:53:26.605 INFO: [TadState] TAD state changed: DEBUG_RESUMED -> READY (SUSPENDED, STEP)
21:53:27.112 INFO: [TadState] TAD state changed: READY -> DEBUG_RESUMED (RESUMED, STEP)
21:53:27.319 INFO: [TadState] TAD state changed: DEBUG_RESUMED -> READY (SUSPENDED, STEP)
21:53:28.96 INFO: [TadState] TAD state changed: READY -> DEBUG_RESUMED (RESUMED, STEP)
21:53:28.358 INFO: [TadState] TAD state changed: DEBUG_RESUMED -> READY (SUSPENDED, STEP)
22:10:09.209 INFO: [TadModel] DSF session ID 5 has ended.
