"Task Aware Debugger for GDB" version 11.4.0 (202107011009)
(c) 2016-2021 NXP Semiconductors, Inc.
==================================
20:28:55.393 INFO: [TadModel] DSF session ID 6 has started.
20:29:02.331 INFO: [TadState] TAD state changed: DEBUG_STARTED -> DEBUG_INIT_0 (RESUMED, USER_REQUEST)
20:29:02.368 INFO: [TadState] TAD state changed: DEBUG_INIT_0 -> DEBUG_INIT_1 (SUSPENDED, SIGNAL)
20:29:03.180 INFO: [TadState] TAD state changed: DEBUG_INIT_1 -> DEBUG_SUSPENDED (RESUMED, USER_REQUEST)
20:29:03.294 INFO: [TadState] TAD state changed: DEBUG_SUSPENDED -> DEBUG_SUSPENDED (SUSPENDED, BREAKPOINT)
20:29:13.812 INFO: [TadState] TAD state changed: DEBUG_SUSPENDED -> DEBUG_RESUMED (RESUMED, USER_REQUEST)
20:29:14.02 INFO: [TadState] TAD state changed: DEBUG_RESUMED -> READY (SUSPENDED, BREAKPOINT)
20:29:15.200 INFO: [TadState] TAD state changed: READY -> DEBUG_RESUMED (RESUMED, STEP)
20:29:15.413 INFO: [TadState] TAD state changed: DEBUG_RESUMED -> READY (SUSPENDED, STEP)
20:29:17.607 INFO: [TadState] TAD state changed: READY -> DEBUG_RESUMED (RESUMED, STEP)
20:29:17.923 INFO: [TadState] TAD state changed: DEBUG_RESUMED -> READY (SUSPENDED, STEP)
20:29:32.470 INFO: [TadState] TAD state changed: READY -> DEBUG_RESUMED (RESUMED, STEP)
20:29:32.616 INFO: [TadState] TAD state changed: DEBUG_RESUMED -> READY (SUSPENDED, STEP)
20:29:35.37 INFO: [TadState] TAD state changed: READY -> DEBUG_RESUMED (RESUMED, STEP)
20:29:35.170 INFO: [TadState] TAD state changed: DEBUG_RESUMED -> READY (SUSPENDED, STEP)
20:29:37.972 INFO: [TadState] TAD state changed: READY -> DEBUG_RESUMED (RESUMED, STEP)
20:29:38.314 INFO: [TadState] TAD state changed: DEBUG_RESUMED -> READY (SUSPENDED, STEP)
20:29:55.756 INFO: [TadState] TAD state changed: READY -> DEBUG_RESUMED (RESUMED, STEP)
20:29:56.15 INFO: [TadState] TAD state changed: DEBUG_RESUMED -> READY (SUSPENDED, STEP)
20:30:07.148 INFO: [TadState] TAD state changed: READY -> DEBUG_RESUMED (RESUMED, STEP)
20:30:07.278 INFO: [TadState] TAD state changed: DEBUG_RESUMED -> READY (SUSPENDED, STEP)
20:30:10.15 INFO: [TadState] TAD state changed: READY -> DEBUG_RESUMED (RESUMED, STEP)
20:30:10.146 INFO: [TadState] TAD state changed: DEBUG_RESUMED -> READY (SUSPENDED, STEP)
20:30:18.952 INFO: [TadState] TAD state changed: READY -> DEBUG_RESUMED (RESUMED, STEP)
20:30:19.238 INFO: [TadState] TAD state changed: DEBUG_RESUMED -> READY (SUSPENDED, STEP)
20:50:18.300 INFO: [TadModel] DSF session ID 6 has ended.
