"Task Aware Debugger for GDB" version 11.4.0 (202107011009)
(c) 2016-2021 NXP Semiconductors, Inc.
==================================
23:44:22.128 INFO: [TadModel] DSF session ID 3 has started.
23:44:27.466 INFO: [TadState] TAD state changed: DEBUG_STARTED -> DEBUG_INIT_0 (RESUMED, USER_REQUEST)
23:44:27.534 INFO: [TadState] TAD state changed: DEBUG_INIT_0 -> DEBUG_INIT_1 (SUSPENDED, SIGNAL)
23:44:28.202 INFO: [TadState] TAD state changed: DEBUG_INIT_1 -> DEBUG_SUSPENDED (RESUMED, USER_REQUEST)
23:44:28.349 INFO: [TadState] TAD state changed: DEBUG_SUSPENDED -> DEBUG_SUSPENDED (SUSPENDED, BREAKPOINT)
23:44:43.871 INFO: [TadState] TAD state changed: DEBUG_SUSPENDED -> DEBUG_RESUMED (RESUMED, STEP)
23:44:43.988 INFO: [TadState] TAD state changed: DEBUG_RESUMED -> READY (SUSPENDED, STEP)
23:44:47.722 INFO: [TadState] TAD state changed: READY -> DEBUG_RESUMED (RESUMED, USER_REQUEST)
23:44:47.871 INFO: [TadState] TAD state changed: DEBUG_RESUMED -> READY (SUSPENDED, BREAKPOINT)
23:44:48.390 INFO: [TadState] TAD state changed: READY -> DEBUG_RESUMED (RESUMED, STEP)
23:44:48.578 INFO: [TadState] TAD state changed: DEBUG_RESUMED -> READY (SUSPENDED, STEP)
23:44:48.961 INFO: [TadState] TAD state changed: READY -> DEBUG_RESUMED (RESUMED, STEP)
23:44:49.190 INFO: [TadState] TAD state changed: DEBUG_RESUMED -> READY (SUSPENDED, STEP)
23:44:50.238 INFO: [TadState] TAD state changed: READY -> DEBUG_RESUMED (RESUMED, STEP)
23:44:50.450 INFO: [TadState] TAD state changed: DEBUG_RESUMED -> READY (SUSPENDED, STEP)
23:44:52.479 INFO: [TadState] TAD state changed: READY -> DEBUG_RESUMED (RESUMED, STEP)
23:44:52.688 INFO: [TadState] TAD state changed: DEBUG_RESUMED -> READY (SUSPENDED, STEP)
23:44:52.831 INFO: [TadState] TAD state changed: READY -> DEBUG_RESUMED (RESUMED, STEP)
23:44:53.21 INFO: [TadState] TAD state changed: DEBUG_RESUMED -> READY (SUSPENDED, STEP)
23:44:53.338 INFO: [TadState] TAD state changed: READY -> DEBUG_RESUMED (RESUMED, STEP)
23:44:53.549 INFO: [TadState] TAD state changed: DEBUG_RESUMED -> READY (SUSPENDED, STEP)
23:44:57.370 INFO: [TadModel] DSF session ID 3 has ended.
