"Task Aware Debugger for GDB" version 11.4.0 (202107011009)
(c) 2016-2021 NXP Semiconductors, Inc.
==================================
23:28:47.846 INFO: [TadModel] DSF session ID 10 has started.
23:28:54.937 INFO: [TadState] TAD state changed: DEBUG_STARTED -> DEBUG_INIT_0 (RESUMED, USER_REQUEST)
23:28:54.993 INFO: [TadState] TAD state changed: DEBUG_INIT_0 -> DEBUG_INIT_1 (SUSPENDED, SIGNAL)
23:28:55.942 INFO: [TadState] TAD state changed: DEBUG_INIT_1 -> DEBUG_SUSPENDED (RESUMED, USER_REQUEST)
23:28:56.91 INFO: [TadState] TAD state changed: DEBUG_SUSPENDED -> DEBUG_SUSPENDED (SUSPENDED, BREAKPOINT)
23:29:02.546 INFO: [TadState] TAD state changed: DEBUG_SUSPENDED -> DEBUG_RESUMED (RESUMED, USER_REQUEST)
23:29:02.774 INFO: [TadState] TAD state changed: DEBUG_RESUMED -> READY (SUSPENDED, BREAKPOINT)
23:29:03.784 INFO: [TadState] TAD state changed: READY -> DEBUG_RESUMED (RESUMED, USER_REQUEST)
23:29:06.563 INFO: [TadState] TAD state changed: DEBUG_RESUMED -> READY (SUSPENDED, BREAKPOINT)
23:29:07.769 INFO: [TadState] TAD state changed: READY -> DEBUG_RESUMED (RESUMED, STEP)
23:29:08.78 INFO: [TadState] TAD state changed: DEBUG_RESUMED -> READY (SUSPENDED, STEP)
23:29:08.858 INFO: [TadState] TAD state changed: READY -> DEBUG_RESUMED (RESUMED, STEP)
23:29:09.148 INFO: [TadState] TAD state changed: DEBUG_RESUMED -> READY (SUSPENDED, STEP)
23:29:09.478 INFO: [TadState] TAD state changed: READY -> DEBUG_RESUMED (RESUMED, STEP)
23:29:09.798 INFO: [TadState] TAD state changed: DEBUG_RESUMED -> READY (SUSPENDED, STEP)
23:29:11.162 INFO: [TadState] TAD state changed: READY -> DEBUG_RESUMED (RESUMED, USER_REQUEST)
23:29:11.272 INFO: [TadState] TAD state changed: DEBUG_RESUMED -> READY (SUSPENDED, BREAKPOINT)
23:29:11.979 INFO: [TadState] TAD state changed: READY -> DEBUG_RESUMED (RESUMED, STEP)
23:29:12.207 INFO: [TadState] TAD state changed: DEBUG_RESUMED -> READY (SUSPENDED, STEP)
23:29:12.977 INFO: [TadState] TAD state changed: READY -> DEBUG_RESUMED (RESUMED, STEP)
23:29:13.165 INFO: [TadState] TAD state changed: DEBUG_RESUMED -> READY (SUSPENDED, STEP)
23:29:14.196 INFO: [TadState] TAD state changed: READY -> DEBUG_RESUMED (RESUMED, STEP)
23:29:14.319 INFO: [TadState] TAD state changed: DEBUG_RESUMED -> READY (SUSPENDED, STEP)
23:29:14.779 INFO: [TadState] TAD state changed: READY -> DEBUG_RESUMED (RESUMED, STEP)
23:29:14.919 INFO: [TadState] TAD state changed: DEBUG_RESUMED -> READY (SUSPENDED, STEP)
23:29:16.221 INFO: [TadState] TAD state changed: READY -> DEBUG_RESUMED (RESUMED, STEP)
23:29:16.377 INFO: [TadState] TAD state changed: DEBUG_RESUMED -> READY (SUSPENDED, STEP)
23:29:17.817 INFO: [TadState] TAD state changed: READY -> DEBUG_RESUMED (RESUMED, STEP)
23:29:18.108 INFO: [TadState] TAD state changed: DEBUG_RESUMED -> READY (SUSPENDED, STEP)
23:29:18.538 INFO: [TadState] TAD state changed: READY -> DEBUG_RESUMED (RESUMED, STEP)
23:29:18.794 INFO: [TadState] TAD state changed: DEBUG_RESUMED -> READY (SUSPENDED, BREAKPOINT)
23:29:19.761 INFO: [TadState] TAD state changed: READY -> DEBUG_RESUMED (RESUMED, STEP)
23:29:19.993 INFO: [TadState] TAD state changed: DEBUG_RESUMED -> READY (SUSPENDED, STEP)
23:29:20.215 INFO: [TadState] TAD state changed: READY -> DEBUG_RESUMED (RESUMED, STEP)
23:29:20.403 INFO: [TadState] TAD state changed: DEBUG_RESUMED -> READY (SUSPENDED, STEP)
23:29:20.753 INFO: [TadState] TAD state changed: READY -> DEBUG_RESUMED (RESUMED, STEP)
23:29:20.875 INFO: [TadState] TAD state changed: DEBUG_RESUMED -> READY (SUSPENDED, STEP)
23:29:21.308 INFO: [TadState] TAD state changed: READY -> DEBUG_RESUMED (RESUMED, STEP)
23:29:21.439 INFO: [TadState] TAD state changed: DEBUG_RESUMED -> READY (SUSPENDED, STEP)
23:29:22.720 INFO: [TadState] TAD state changed: READY -> DEBUG_RESUMED (RESUMED, STEP)
23:29:22.914 INFO: [TadState] TAD state changed: DEBUG_RESUMED -> READY (SUSPENDED, STEP)
23:29:23.748 INFO: [TadState] TAD state changed: READY -> DEBUG_RESUMED (RESUMED, STEP)
23:29:23.910 INFO: [TadState] TAD state changed: DEBUG_RESUMED -> READY (SUSPENDED, STEP)
23:29:39.334 INFO: [TadState] TAD state changed: READY -> DEBUG_RESUMED (RESUMED, USER_REQUEST)
23:29:39.458 INFO: [TadState] TAD state changed: DEBUG_RESUMED -> READY (SUSPENDED, BREAKPOINT)
23:29:40.14 INFO: [TadState] TAD state changed: READY -> DEBUG_RESUMED (RESUMED, STEP)
23:29:40.351 INFO: [TadState] TAD state changed: DEBUG_RESUMED -> READY (SUSPENDED, STEP)
23:29:40.888 INFO: [TadState] TAD state changed: READY -> DEBUG_RESUMED (RESUMED, STEP)
23:29:41.207 INFO: [TadState] TAD state changed: DEBUG_RESUMED -> READY (SUSPENDED, STEP)
23:29:43.205 INFO: [TadState] TAD state changed: READY -> DEBUG_RESUMED (RESUMED, STEP)
23:29:43.504 INFO: [TadState] TAD state changed: DEBUG_RESUMED -> READY (SUSPENDED, STEP)
23:29:44.851 INFO: [TadState] TAD state changed: READY -> DEBUG_RESUMED (RESUMED, STEP)
23:29:45.41 INFO: [TadState] TAD state changed: DEBUG_RESUMED -> READY (SUSPENDED, STEP)
23:29:45.416 INFO: [TadState] TAD state changed: READY -> DEBUG_RESUMED (RESUMED, STEP)
23:29:45.614 INFO: [TadState] TAD state changed: DEBUG_RESUMED -> READY (SUSPENDED, STEP)
23:29:45.993 INFO: [TadState] TAD state changed: READY -> DEBUG_RESUMED (RESUMED, STEP)
23:29:46.134 INFO: [TadState] TAD state changed: DEBUG_RESUMED -> READY (SUSPENDED, STEP)
23:29:46.564 INFO: [TadState] TAD state changed: READY -> DEBUG_RESUMED (RESUMED, STEP)
23:29:46.779 INFO: [TadState] TAD state changed: DEBUG_RESUMED -> READY (SUSPENDED, STEP)
23:29:48.07 INFO: [TadState] TAD state changed: READY -> DEBUG_RESUMED (RESUMED, STEP)
23:29:48.299 INFO: [TadState] TAD state changed: DEBUG_RESUMED -> READY (SUSPENDED, STEP)
23:29:49.39 INFO: [TadState] TAD state changed: READY -> DEBUG_RESUMED (RESUMED, STEP)
23:29:49.326 INFO: [TadState] TAD state changed: DEBUG_RESUMED -> READY (SUSPENDED, STEP)
23:29:49.663 INFO: [TadState] TAD state changed: READY -> DEBUG_RESUMED (RESUMED, STEP)
23:29:49.950 INFO: [TadState] TAD state changed: DEBUG_RESUMED -> READY (SUSPENDED, STEP)
23:29:52.678 INFO: [TadState] TAD state changed: READY -> DEBUG_RESUMED (RESUMED, USER_REQUEST)
23:29:53.713 INFO: [TadState] TAD state changed: DEBUG_RESUMED -> READY (SUSPENDED, BREAKPOINT)
23:29:54.543 INFO: [TadState] TAD state changed: READY -> DEBUG_RESUMED (RESUMED, STEP)
23:29:54.868 INFO: [TadState] TAD state changed: DEBUG_RESUMED -> READY (SUSPENDED, STEP)
23:29:55.367 INFO: [TadState] TAD state changed: READY -> DEBUG_RESUMED (RESUMED, STEP)
23:29:55.656 INFO: [TadState] TAD state changed: DEBUG_RESUMED -> READY (SUSPENDED, STEP)
23:29:57.682 INFO: [TadState] TAD state changed: READY -> DEBUG_RESUMED (RESUMED, STEP)
23:29:57.972 INFO: [TadState] TAD state changed: DEBUG_RESUMED -> READY (SUSPENDED, STEP)
23:29:59.256 INFO: [TadState] TAD state changed: READY -> DEBUG_RESUMED (RESUMED, STEP)
23:29:59.556 INFO: [TadState] TAD state changed: DEBUG_RESUMED -> READY (SUSPENDED, STEP)
23:30:01.291 INFO: [TadState] TAD state changed: READY -> DEBUG_RESUMED (RESUMED, STEP)
23:30:01.549 INFO: [TadState] TAD state changed: DEBUG_RESUMED -> READY (SUSPENDED, STEP)
23:30:02.148 INFO: [TadState] TAD state changed: READY -> DEBUG_RESUMED (RESUMED, STEP)
23:30:02.473 INFO: [TadState] TAD state changed: DEBUG_RESUMED -> READY (SUSPENDED, STEP)
23:30:05.220 INFO: [TadState] TAD state changed: READY -> DEBUG_RESUMED (RESUMED, STEP)
23:30:05.515 INFO: [TadState] TAD state changed: DEBUG_RESUMED -> READY (SUSPENDED, STEP)
23:30:06.513 INFO: [TadState] TAD state changed: READY -> DEBUG_RESUMED (RESUMED, STEP)
23:30:06.704 INFO: [TadState] TAD state changed: DEBUG_RESUMED -> READY (SUSPENDED, STEP)
23:30:07.26 INFO: [TadState] TAD state changed: READY -> DEBUG_RESUMED (RESUMED, STEP)
23:30:07.212 INFO: [TadState] TAD state changed: DEBUG_RESUMED -> READY (SUSPENDED, STEP)
23:30:07.665 INFO: [TadState] TAD state changed: READY -> DEBUG_RESUMED (RESUMED, STEP)
23:30:07.882 INFO: [TadState] TAD state changed: DEBUG_RESUMED -> READY (SUSPENDED, STEP)
23:30:08.282 INFO: [TadState] TAD state changed: READY -> DEBUG_RESUMED (RESUMED, STEP)
23:30:08.636 INFO: [TadState] TAD state changed: DEBUG_RESUMED -> READY (SUSPENDED, STEP)
23:30:09.683 INFO: [TadState] TAD state changed: READY -> DEBUG_RESUMED (RESUMED, STEP)
23:30:09.965 INFO: [TadState] TAD state changed: DEBUG_RESUMED -> READY (SUSPENDED, STEP)
23:30:16.88 INFO: [TadState] TAD state changed: READY -> DEBUG_RESUMED (RESUMED, USER_REQUEST)
23:30:40.214 INFO: [TadState] TAD state changed: DEBUG_RESUMED -> READY (SUSPENDED, BREAKPOINT)
23:30:42.234 INFO: [TadState] TAD state changed: READY -> DEBUG_RESUMED (RESUMED, STEP)
23:30:42.545 INFO: [TadState] TAD state changed: DEBUG_RESUMED -> READY (SUSPENDED, STEP)
23:30:46.715 INFO: [TadState] TAD state changed: READY -> DEBUG_RESUMED (RESUMED, STEP)
23:30:46.993 INFO: [TadState] TAD state changed: DEBUG_RESUMED -> READY (SUSPENDED, STEP)
23:30:47.723 INFO: [TadState] TAD state changed: READY -> DEBUG_RESUMED (RESUMED, STEP)
23:30:48.19 INFO: [TadState] TAD state changed: DEBUG_RESUMED -> READY (SUSPENDED, STEP)
23:30:49.154 INFO: [TadState] TAD state changed: READY -> DEBUG_RESUMED (RESUMED, STEP)
23:30:49.428 INFO: [TadState] TAD state changed: DEBUG_RESUMED -> READY (SUSPENDED, STEP)
23:30:50.429 INFO: [TadState] TAD state changed: READY -> DEBUG_RESUMED (RESUMED, STEP)
23:30:50.718 INFO: [TadState] TAD state changed: DEBUG_RESUMED -> READY (SUSPENDED, STEP)
23:30:52.879 INFO: [TadState] TAD state changed: READY -> DEBUG_RESUMED (RESUMED, STEP)
23:30:53.197 INFO: [TadState] TAD state changed: DEBUG_RESUMED -> READY (SUSPENDED, STEP)
23:30:53.598 INFO: [TadState] TAD state changed: READY -> DEBUG_RESUMED (RESUMED, STEP)
23:30:53.911 INFO: [TadState] TAD state changed: DEBUG_RESUMED -> READY (SUSPENDED, STEP)
23:32:31.722 INFO: [TadModel] DSF session ID 10 has ended.
