"Task Aware Debugger for GDB" version 11.4.0 (202107011009)
(c) 2016-2021 NXP Semiconductors, Inc.
==================================
00:36:03.405 INFO: [TadModel] DSF session ID 10 has started.
00:36:11.891 INFO: [TadState] TAD state changed: DEBUG_STARTED -> DEBUG_INIT_0 (RESUMED, USER_REQUEST)
00:36:11.955 INFO: [TadState] TAD state changed: DEBUG_INIT_0 -> DEBUG_INIT_1 (SUSPENDED, SIGNAL)
00:36:13.17 INFO: [TadState] TAD state changed: DEBUG_INIT_1 -> DEBUG_SUSPENDED (RESUMED, USER_REQUEST)
00:36:13.182 INFO: [TadState] TAD state changed: DEBUG_SUSPENDED -> DEBUG_SUSPENDED (SUSPENDED, BREAKPOINT)
00:37:28.927 INFO: [TadState] TAD state changed: DEBUG_SUSPENDED -> DEBUG_RESUMED (RESUMED, USER_REQUEST)
00:37:46.437 INFO: [TadState] TAD state changed: DEBUG_RESUMED -> READY (SUSPENDED, BREAKPOINT)
00:37:49.69 INFO: [TadState] TAD state changed: READY -> DEBUG_RESUMED (RESUMED, STEP)
00:37:49.721 INFO: [TadState] TAD state changed: DEBUG_RESUMED -> READY (SUSPENDED, STEP)
00:37:53.727 INFO: [TadState] TAD state changed: READY -> DEBUG_RESUMED (RESUMED, STEP)
00:37:53.989 INFO: [TadState] TAD state changed: DEBUG_RESUMED -> READY (SUSPENDED, STEP)
00:37:54.927 INFO: [TadState] TAD state changed: READY -> DEBUG_RESUMED (RESUMED, STEP)
00:37:55.296 INFO: [TadState] TAD state changed: DEBUG_RESUMED -> READY (SUSPENDED, STEP)
00:37:56.258 INFO: [TadState] TAD state changed: READY -> DEBUG_RESUMED (RESUMED, STEP)
00:37:56.561 INFO: [TadState] TAD state changed: DEBUG_RESUMED -> READY (SUSPENDED, STEP)
00:37:58.655 INFO: [TadState] TAD state changed: READY -> DEBUG_RESUMED (RESUMED, USER_REQUEST)
00:37:58.767 INFO: [TadState] TAD state changed: DEBUG_RESUMED -> READY (SUSPENDED, BREAKPOINT)
00:37:59.764 INFO: [TadState] TAD state changed: READY -> DEBUG_RESUMED (RESUMED, STEP)
00:38:00.481 INFO: [TadState] TAD state changed: DEBUG_RESUMED -> READY (SUSPENDED, STEP)
00:38:01.229 INFO: [TadState] TAD state changed: READY -> DEBUG_RESUMED (RESUMED, STEP)
00:38:01.480 INFO: [TadState] TAD state changed: DEBUG_RESUMED -> READY (SUSPENDED, STEP)
00:38:05.62 INFO: [TadState] TAD state changed: READY -> DEBUG_RESUMED (RESUMED, USER_REQUEST)
00:38:05.160 INFO: [TadState] TAD state changed: DEBUG_RESUMED -> READY (SUSPENDED, BREAKPOINT)
00:38:07.907 INFO: [TadState] TAD state changed: READY -> DEBUG_RESUMED (RESUMED, USER_REQUEST)
00:38:08.99 INFO: [TadState] TAD state changed: DEBUG_RESUMED -> READY (SUSPENDED, BREAKPOINT)
00:38:11.35 INFO: [TadState] TAD state changed: READY -> DEBUG_RESUMED (RESUMED, USER_REQUEST)
00:38:11.206 INFO: [TadState] TAD state changed: DEBUG_RESUMED -> READY (SUSPENDED, BREAKPOINT)
00:38:12.431 INFO: [TadState] TAD state changed: READY -> DEBUG_RESUMED (RESUMED, USER_REQUEST)
00:38:12.605 INFO: [TadState] TAD state changed: DEBUG_RESUMED -> READY (SUSPENDED, BREAKPOINT)
00:38:13.788 INFO: [TadState] TAD state changed: READY -> DEBUG_RESUMED (RESUMED, USER_REQUEST)
00:38:13.934 INFO: [TadState] TAD state changed: DEBUG_RESUMED -> READY (SUSPENDED, BREAKPOINT)
00:38:14.525 INFO: [TadState] TAD state changed: READY -> DEBUG_RESUMED (RESUMED, USER_REQUEST)
00:38:14.687 INFO: [TadState] TAD state changed: DEBUG_RESUMED -> READY (SUSPENDED, BREAKPOINT)
00:38:16.552 INFO: [TadState] TAD state changed: READY -> DEBUG_RESUMED (RESUMED, STEP)
00:38:17.242 INFO: [TadState] TAD state changed: DEBUG_RESUMED -> READY (SUSPENDED, STEP)
00:38:17.874 INFO: [TadState] TAD state changed: READY -> DEBUG_RESUMED (RESUMED, STEP)
00:38:18.145 INFO: [TadState] TAD state changed: DEBUG_RESUMED -> READY (SUSPENDED, STEP)
00:38:21.517 INFO: [TadState] TAD state changed: READY -> DEBUG_RESUMED (RESUMED, STEP)
00:38:21.895 INFO: [TadState] TAD state changed: DEBUG_RESUMED -> READY (SUSPENDED, STEP)
00:38:26.788 INFO: [TadState] TAD state changed: READY -> DEBUG_RESUMED (RESUMED, STEP)
00:38:27.118 INFO: [TadState] TAD state changed: DEBUG_RESUMED -> READY (SUSPENDED, STEP)
00:38:29.156 INFO: [TadState] TAD state changed: READY -> DEBUG_RESUMED (RESUMED, STEP)
00:38:29.374 INFO: [TadState] TAD state changed: DEBUG_RESUMED -> READY (SUSPENDED, STEP)
00:38:32.356 INFO: [TadState] TAD state changed: READY -> DEBUG_RESUMED (RESUMED, STEP)
00:38:32.800 INFO: [TadState] TAD state changed: DEBUG_RESUMED -> READY (SUSPENDED, STEP)
00:38:34.811 INFO: [TadState] TAD state changed: READY -> DEBUG_RESUMED (RESUMED, USER_REQUEST)
00:38:34.912 INFO: [TadState] TAD state changed: DEBUG_RESUMED -> READY (SUSPENDED, BREAKPOINT)
00:38:38.68 INFO: [TadState] TAD state changed: READY -> DEBUG_RESUMED (RESUMED, USER_REQUEST)
00:44:26.554 INFO: [TadState] TAD state changed: DEBUG_RESUMED -> READY (SUSPENDED, SIGNAL)
00:44:28.574 INFO: [TadModel] DSF session ID 10 has ended.
