"Task Aware Debugger for GDB" version 11.4.0 (202107011009)
(c) 2016-2021 NXP Semiconductors, Inc.
==================================
01:18:19.24 INFO: [TadModel] DSF session ID 1 has started.
01:18:23.392 INFO: [TadState] TAD state changed: DEBUG_STARTED -> DEBUG_INIT_0 (RESUMED, USER_REQUEST)
01:18:23.438 INFO: [TadState] TAD state changed: DEBUG_INIT_0 -> DEBUG_INIT_1 (SUSPENDED, SIGNAL)
01:18:24.336 INFO: [TadState] TAD state changed: DEBUG_INIT_1 -> DEBUG_SUSPENDED (RESUMED, USER_REQUEST)
01:18:24.439 INFO: [TadState] TAD state changed: DEBUG_SUSPENDED -> DEBUG_SUSPENDED (SUSPENDED, BREAKPOINT)
01:18:28.865 INFO: [TadState] TAD state changed: DEBUG_SUSPENDED -> DEBUG_RESUMED (RESUMED, USER_REQUEST)
01:18:33.776 INFO: [TadState] TAD state changed: DEBUG_RESUMED -> READY (SUSPENDED, BREAKPOINT)
01:18:38.461 INFO: [TadState] TAD state changed: READY -> DEBUG_RESUMED (RESUMED, STEP)
01:18:38.739 INFO: [TadState] TAD state changed: DEBUG_RESUMED -> READY (SUSPENDED, STEP)
01:18:40.998 INFO: [TadState] TAD state changed: READY -> DEBUG_RESUMED (RESUMED, USER_REQUEST)
01:18:41.103 INFO: [TadState] TAD state changed: DEBUG_RESUMED -> READY (SUSPENDED, BREAKPOINT)
01:18:42.412 INFO: [TadState] TAD state changed: READY -> DEBUG_RESUMED (RESUMED, STEP)
01:18:42.680 INFO: [TadState] TAD state changed: DEBUG_RESUMED -> READY (SUSPENDED, STEP)
01:18:43.534 INFO: [TadState] TAD state changed: READY -> DEBUG_RESUMED (RESUMED, STEP)
01:18:43.638 INFO: [TadState] TAD state changed: DEBUG_RESUMED -> READY (SUSPENDED, STEP)
01:18:44.351 INFO: [TadState] TAD state changed: READY -> DEBUG_RESUMED (RESUMED, STEP)
01:18:44.583 INFO: [TadState] TAD state changed: DEBUG_RESUMED -> READY (SUSPENDED, STEP)
01:18:47.23 INFO: [TadState] TAD state changed: READY -> DEBUG_RESUMED (RESUMED, USER_REQUEST)
01:18:49.970 INFO: [TadState] TAD state changed: DEBUG_RESUMED -> READY (SUSPENDED, BREAKPOINT)
01:18:52.838 INFO: [TadState] TAD state changed: READY -> DEBUG_RESUMED (RESUMED, STEP)
01:18:53.110 INFO: [TadState] TAD state changed: DEBUG_RESUMED -> READY (SUSPENDED, STEP)
01:18:54.390 INFO: [TadState] TAD state changed: READY -> DEBUG_RESUMED (RESUMED, USER_REQUEST)
01:18:54.507 INFO: [TadState] TAD state changed: DEBUG_RESUMED -> READY (SUSPENDED, BREAKPOINT)
01:18:55.610 INFO: [TadState] TAD state changed: READY -> DEBUG_RESUMED (RESUMED, STEP)
01:18:55.889 INFO: [TadState] TAD state changed: DEBUG_RESUMED -> READY (SUSPENDED, STEP)
01:18:56.929 INFO: [TadState] TAD state changed: READY -> DEBUG_RESUMED (RESUMED, STEP)
01:18:57.25 INFO: [TadState] TAD state changed: DEBUG_RESUMED -> READY (SUSPENDED, STEP)
01:18:57.664 INFO: [TadState] TAD state changed: READY -> DEBUG_RESUMED (RESUMED, STEP)
01:18:57.894 INFO: [TadState] TAD state changed: DEBUG_RESUMED -> READY (SUSPENDED, STEP)
01:18:58.588 INFO: [TadState] TAD state changed: READY -> DEBUG_RESUMED (RESUMED, USER_REQUEST)
01:19:00.758 INFO: [TadState] TAD state changed: DEBUG_RESUMED -> READY (SUSPENDED, BREAKPOINT)
01:19:02.641 INFO: [TadState] TAD state changed: READY -> DEBUG_RESUMED (RESUMED, USER_REQUEST)
01:19:02.816 INFO: [TadState] TAD state changed: DEBUG_RESUMED -> READY (SUSPENDED, BREAKPOINT)
01:19:04.65 INFO: [TadState] TAD state changed: READY -> DEBUG_RESUMED (RESUMED, USER_REQUEST)
01:19:17.702 INFO: [TadState] TAD state changed: DEBUG_RESUMED -> READY (SUSPENDED, BREAKPOINT)
01:19:31.760 INFO: [TadState] TAD state changed: READY -> DEBUG_RESUMED (RESUMED, STEP)
01:19:32.23 INFO: [TadState] TAD state changed: DEBUG_RESUMED -> READY (SUSPENDED, STEP)
01:19:35.822 INFO: [TadState] TAD state changed: READY -> DEBUG_RESUMED (RESUMED, STEP)
01:19:52.231 INFO: [TadState] TAD state changed: DEBUG_RESUMED -> READY (SUSPENDED, SIGNAL)
01:19:56.697 INFO: [TadState] TAD state changed: READY -> DEBUG_RESUMED (RESUMED, USER_REQUEST)
01:19:56.801 INFO: [TadState] TAD state changed: DEBUG_RESUMED -> READY (SUSPENDED, BREAKPOINT)
01:20:00.273 INFO: [TadState] TAD state changed: READY -> DEBUG_RESUMED (RESUMED, STEP)
01:20:00.486 INFO: [TadState] TAD state changed: DEBUG_RESUMED -> READY (SUSPENDED, STEP)
01:20:02.266 INFO: [TadState] TAD state changed: READY -> DEBUG_RESUMED (RESUMED, STEP)
01:20:02.347 INFO: [TadState] TAD state changed: DEBUG_RESUMED -> READY (SUSPENDED, STEP)
01:20:03.983 INFO: [TadState] TAD state changed: READY -> DEBUG_RESUMED (RESUMED, STEP)
01:20:04.180 INFO: [TadState] TAD state changed: DEBUG_RESUMED -> READY (SUSPENDED, STEP)
01:20:05.861 INFO: [TadState] TAD state changed: READY -> DEBUG_RESUMED (RESUMED, USER_REQUEST)
01:20:56.867 INFO: [TadState] TAD state changed: DEBUG_RESUMED -> READY (SUSPENDED, SIGNAL)
01:20:58.883 INFO: [TadModel] DSF session ID 1 has ended.
