"Task Aware Debugger for GDB" version 11.4.0 (202107011009)
(c) 2016-2021 NXP Semiconductors, Inc.
==================================
13:20:13.997 INFO: [TadModel] DSF session ID 0 has started.
13:20:22.666 INFO: [TadState] TAD state changed: DEBUG_STARTED -> DEBUG_INIT_0 (RESUMED, USER_REQUEST)
13:20:22.725 INFO: [TadState] TAD state changed: DEBUG_INIT_0 -> DEBUG_INIT_1 (SUSPENDED, SIGNAL)
13:20:24.329 INFO: [TadState] TAD state changed: DEBUG_INIT_1 -> DEBUG_SUSPENDED (RESUMED, USER_REQUEST)
13:20:24.623 INFO: [TadState] TAD state changed: DEBUG_SUSPENDED -> DEBUG_SUSPENDED (SUSPENDED, BREAKPOINT)
13:20:35.199 INFO: [TadState] TAD state changed: DEBUG_SUSPENDED -> DEBUG_RESUMED (RESUMED, USER_REQUEST)
13:20:41.489 INFO: [TadState] TAD state changed: DEBUG_RESUMED -> READY (SUSPENDED, SIGNAL)
13:22:21.680 INFO: [TadState] TAD state changed: READY -> DEBUG_RESUMED (RESUMED, USER_REQUEST)
13:22:21.796 INFO: [TadState] TAD state changed: DEBUG_RESUMED -> READY (SUSPENDED, BREAKPOINT)
13:22:24.341 INFO: [TadState] TAD state changed: READY -> DEBUG_RESUMED (RESUMED, STEP)
13:22:24.595 INFO: [TadState] TAD state changed: DEBUG_RESUMED -> READY (SUSPENDED, STEP)
13:22:26.115 INFO: [TadState] TAD state changed: READY -> DEBUG_RESUMED (RESUMED, STEP)
13:22:26.351 INFO: [TadState] TAD state changed: DEBUG_RESUMED -> READY (SUSPENDED, STEP)
13:22:37.728 INFO: [TadState] TAD state changed: READY -> DEBUG_RESUMED (RESUMED, STEP)
13:22:38.111 INFO: [TadState] TAD state changed: DEBUG_RESUMED -> READY (SUSPENDED, STEP)
13:22:58.462 INFO: [TadState] TAD state changed: READY -> DEBUG_RESUMED (RESUMED, STEP)
13:22:58.707 INFO: [TadState] TAD state changed: DEBUG_RESUMED -> READY (SUSPENDED, STEP)
13:23:02.649 INFO: [TadState] TAD state changed: READY -> DEBUG_RESUMED (RESUMED, STEP)
13:23:02.864 INFO: [TadState] TAD state changed: DEBUG_RESUMED -> READY (SUSPENDED, STEP)
13:23:07.15 INFO: [TadState] TAD state changed: READY -> DEBUG_RESUMED (RESUMED, STEP)
13:23:07.122 INFO: [TadState] TAD state changed: DEBUG_RESUMED -> READY (SUSPENDED, STEP)
13:24:48.177 INFO: [TadState] TAD state changed: READY -> DEBUG_RESUMED (RESUMED, USER_REQUEST)
13:24:48.264 INFO: [TadState] TAD state changed: DEBUG_RESUMED -> READY (SUSPENDED, BREAKPOINT)
13:24:49.684 INFO: [TadState] TAD state changed: READY -> DEBUG_RESUMED (RESUMED, STEP)
13:24:49.947 INFO: [TadState] TAD state changed: DEBUG_RESUMED -> READY (SUSPENDED, STEP)
13:24:50.506 INFO: [TadState] TAD state changed: READY -> DEBUG_RESUMED (RESUMED, STEP)
13:24:50.751 INFO: [TadState] TAD state changed: DEBUG_RESUMED -> READY (SUSPENDED, STEP)
13:24:53.157 INFO: [TadState] TAD state changed: READY -> DEBUG_RESUMED (RESUMED, STEP)
13:24:53.525 INFO: [TadState] TAD state changed: DEBUG_RESUMED -> READY (SUSPENDED, STEP)
13:25:03.723 INFO: [TadState] TAD state changed: READY -> DEBUG_RESUMED (RESUMED, STEP)
13:25:03.889 INFO: [TadState] TAD state changed: DEBUG_RESUMED -> READY (SUSPENDED, STEP)
13:25:06.282 INFO: [TadState] TAD state changed: READY -> DEBUG_RESUMED (RESUMED, STEP)
13:25:06.516 INFO: [TadState] TAD state changed: DEBUG_RESUMED -> READY (SUSPENDED, STEP)
13:25:13.716 INFO: [TadState] TAD state changed: READY -> DEBUG_RESUMED (RESUMED, STEP)
13:25:13.822 INFO: [TadState] TAD state changed: DEBUG_RESUMED -> READY (SUSPENDED, STEP)
13:29:10.926 INFO: [TadModel] DSF session ID 0 has ended.
