"Task Aware Debugger for GDB" version 11.4.0 (202107011009)
(c) 2016-2021 NXP Semiconductors, Inc.
==================================
01:03:38.447 INFO: [TadModel] DSF session ID 6 has started.
01:03:46.58 INFO: [TadState] TAD state changed: DEBUG_STARTED -> DEBUG_INIT_0 (RESUMED, USER_REQUEST)
01:03:46.96 INFO: [TadState] TAD state changed: DEBUG_INIT_0 -> DEBUG_INIT_1 (SUSPENDED, SIGNAL)
01:03:46.929 INFO: [TadState] TAD state changed: DEBUG_INIT_1 -> DEBUG_SUSPENDED (RESUMED, USER_REQUEST)
01:03:47.27 INFO: [TadState] TAD state changed: DEBUG_SUSPENDED -> DEBUG_SUSPENDED (SUSPENDED, BREAKPOINT)
01:03:59.512 INFO: [TadState] TAD state changed: DEBUG_SUSPENDED -> DEBUG_RESUMED (RESUMED, STEP)
01:03:59.709 INFO: [TadState] TAD state changed: DEBUG_RESUMED -> READY (SUSPENDED, STEP)
01:04:00.457 INFO: [TadState] TAD state changed: READY -> DEBUG_RESUMED (RESUMED, STEP)
01:04:00.653 INFO: [TadState] TAD state changed: DEBUG_RESUMED -> READY (SUSPENDED, STEP)
01:04:14.85 INFO: [TadState] TAD state changed: READY -> DEBUG_RESUMED (RESUMED, STEP)
01:04:14.368 INFO: [TadState] TAD state changed: DEBUG_RESUMED -> READY (SUSPENDED, STEP)
01:04:16.654 INFO: [TadState] TAD state changed: READY -> DEBUG_RESUMED (RESUMED, STEP)
01:04:17.109 INFO: [TadState] TAD state changed: DEBUG_RESUMED -> READY (SUSPENDED, STEP)
01:04:18.109 INFO: [TadState] TAD state changed: READY -> DEBUG_RESUMED (RESUMED, STEP)
01:04:18.378 INFO: [TadState] TAD state changed: DEBUG_RESUMED -> READY (SUSPENDED, STEP)
01:04:20.95 INFO: [TadState] TAD state changed: READY -> DEBUG_RESUMED (RESUMED, STEP)
01:04:20.372 INFO: [TadState] TAD state changed: DEBUG_RESUMED -> READY (SUSPENDED, STEP)
01:04:21.626 INFO: [TadState] TAD state changed: READY -> DEBUG_RESUMED (RESUMED, STEP)
01:04:21.708 INFO: [TadState] TAD state changed: DEBUG_RESUMED -> READY (SUSPENDED, STEP)
01:04:26.700 INFO: [TadState] TAD state changed: READY -> DEBUG_RESUMED (RESUMED, STEP)
01:04:27.241 INFO: [TadState] TAD state changed: DEBUG_RESUMED -> READY (SUSPENDED, STEP)
01:04:27.908 INFO: [TadState] TAD state changed: READY -> DEBUG_RESUMED (RESUMED, STEP)
01:04:28.179 INFO: [TadState] TAD state changed: DEBUG_RESUMED -> READY (SUSPENDED, STEP)
01:04:28.965 INFO: [TadState] TAD state changed: READY -> DEBUG_RESUMED (RESUMED, STEP)
01:04:29.252 INFO: [TadState] TAD state changed: DEBUG_RESUMED -> READY (SUSPENDED, STEP)
01:04:29.868 INFO: [TadState] TAD state changed: READY -> DEBUG_RESUMED (RESUMED, STEP)
01:04:29.959 INFO: [TadState] TAD state changed: DEBUG_RESUMED -> READY (SUSPENDED, STEP)
01:04:30.918 INFO: [TadState] TAD state changed: READY -> DEBUG_RESUMED (RESUMED, STEP)
01:04:31.451 INFO: [TadState] TAD state changed: DEBUG_RESUMED -> READY (SUSPENDED, STEP)
01:04:31.984 INFO: [TadState] TAD state changed: READY -> DEBUG_RESUMED (RESUMED, STEP)
01:04:32.238 INFO: [TadState] TAD state changed: DEBUG_RESUMED -> READY (SUSPENDED, STEP)
01:04:33.143 INFO: [TadState] TAD state changed: READY -> DEBUG_RESUMED (RESUMED, STEP)
01:04:33.423 INFO: [TadState] TAD state changed: DEBUG_RESUMED -> READY (SUSPENDED, STEP)
01:04:35.80 INFO: [TadState] TAD state changed: READY -> DEBUG_RESUMED (RESUMED, STEP)
01:04:35.160 INFO: [TadState] TAD state changed: DEBUG_RESUMED -> READY (SUSPENDED, STEP)
01:04:36.582 INFO: [TadState] TAD state changed: READY -> DEBUG_RESUMED (RESUMED, STEP)
01:04:37.124 INFO: [TadState] TAD state changed: DEBUG_RESUMED -> READY (SUSPENDED, STEP)
01:04:37.855 INFO: [TadState] TAD state changed: READY -> DEBUG_RESUMED (RESUMED, STEP)
01:04:38.123 INFO: [TadState] TAD state changed: DEBUG_RESUMED -> READY (SUSPENDED, STEP)
01:04:38.972 INFO: [TadState] TAD state changed: READY -> DEBUG_RESUMED (RESUMED, STEP)
01:04:39.264 INFO: [TadState] TAD state changed: DEBUG_RESUMED -> READY (SUSPENDED, STEP)
01:04:40.280 INFO: [TadState] TAD state changed: READY -> DEBUG_RESUMED (RESUMED, STEP)
01:04:40.362 INFO: [TadState] TAD state changed: DEBUG_RESUMED -> READY (SUSPENDED, STEP)
01:04:47.954 INFO: [TadState] TAD state changed: READY -> DEBUG_RESUMED (RESUMED, STEP)
01:04:48.488 INFO: [TadState] TAD state changed: DEBUG_RESUMED -> READY (SUSPENDED, STEP)
01:04:51.101 INFO: [TadState] TAD state changed: READY -> DEBUG_RESUMED (RESUMED, STEP)
01:04:51.361 INFO: [TadState] TAD state changed: DEBUG_RESUMED -> READY (SUSPENDED, STEP)
01:04:52.568 INFO: [TadState] TAD state changed: READY -> DEBUG_RESUMED (RESUMED, STEP)
01:04:52.845 INFO: [TadState] TAD state changed: DEBUG_RESUMED -> READY (SUSPENDED, STEP)
01:04:53.532 INFO: [TadState] TAD state changed: READY -> DEBUG_RESUMED (RESUMED, STEP)
01:04:53.621 INFO: [TadState] TAD state changed: DEBUG_RESUMED -> READY (SUSPENDED, STEP)
01:04:54.319 INFO: [TadState] TAD state changed: READY -> DEBUG_RESUMED (RESUMED, STEP)
01:04:54.863 INFO: [TadState] TAD state changed: DEBUG_RESUMED -> READY (SUSPENDED, STEP)
01:04:56.319 INFO: [TadState] TAD state changed: READY -> DEBUG_RESUMED (RESUMED, STEP)
01:04:56.574 INFO: [TadState] TAD state changed: DEBUG_RESUMED -> READY (SUSPENDED, STEP)
01:05:00.901 INFO: [TadState] TAD state changed: READY -> DEBUG_RESUMED (RESUMED, STEP)
01:05:01.178 INFO: [TadState] TAD state changed: DEBUG_RESUMED -> READY (SUSPENDED, STEP)
01:05:01.904 INFO: [TadState] TAD state changed: READY -> DEBUG_RESUMED (RESUMED, STEP)
01:05:01.985 INFO: [TadState] TAD state changed: DEBUG_RESUMED -> READY (SUSPENDED, STEP)
01:05:09.427 INFO: [TadState] TAD state changed: READY -> DEBUG_RESUMED (RESUMED, STEP)
01:05:09.950 INFO: [TadState] TAD state changed: DEBUG_RESUMED -> READY (SUSPENDED, STEP)
01:05:10.801 INFO: [TadState] TAD state changed: READY -> DEBUG_RESUMED (RESUMED, STEP)
01:05:11.61 INFO: [TadState] TAD state changed: DEBUG_RESUMED -> READY (SUSPENDED, STEP)
01:05:11.590 INFO: [TadState] TAD state changed: READY -> DEBUG_RESUMED (RESUMED, STEP)
01:05:11.875 INFO: [TadState] TAD state changed: DEBUG_RESUMED -> READY (SUSPENDED, STEP)
01:05:12.411 INFO: [TadState] TAD state changed: READY -> DEBUG_RESUMED (RESUMED, STEP)
01:05:12.504 INFO: [TadState] TAD state changed: DEBUG_RESUMED -> READY (SUSPENDED, STEP)
01:05:13.180 INFO: [TadState] TAD state changed: READY -> DEBUG_RESUMED (RESUMED, STEP)
01:05:13.700 INFO: [TadState] TAD state changed: DEBUG_RESUMED -> READY (SUSPENDED, STEP)
01:05:14.834 INFO: [TadState] TAD state changed: READY -> DEBUG_RESUMED (RESUMED, STEP)
01:05:15.97 INFO: [TadState] TAD state changed: DEBUG_RESUMED -> READY (SUSPENDED, STEP)
01:05:15.645 INFO: [TadState] TAD state changed: READY -> DEBUG_RESUMED (RESUMED, STEP)
01:05:15.926 INFO: [TadState] TAD state changed: DEBUG_RESUMED -> READY (SUSPENDED, STEP)
01:05:16.600 INFO: [TadState] TAD state changed: READY -> DEBUG_RESUMED (RESUMED, STEP)
01:05:16.684 INFO: [TadState] TAD state changed: DEBUG_RESUMED -> READY (SUSPENDED, STEP)
01:05:40.251 INFO: [TadState] TAD state changed: READY -> DEBUG_RESUMED (RESUMED, STEP)
01:05:40.782 INFO: [TadState] TAD state changed: DEBUG_RESUMED -> READY (SUSPENDED, STEP)
01:05:42.462 INFO: [TadState] TAD state changed: READY -> DEBUG_RESUMED (RESUMED, STEP)
01:05:42.732 INFO: [TadState] TAD state changed: DEBUG_RESUMED -> READY (SUSPENDED, STEP)
01:05:48.181 INFO: [TadState] TAD state changed: READY -> DEBUG_RESUMED (RESUMED, USER_REQUEST)
01:05:52.506 INFO: [TadState] TAD state changed: DEBUG_RESUMED -> READY (SUSPENDED, SIGNAL)
01:06:13.711 INFO: [TadState] TAD state changed: READY -> DEBUG_RESUMED (RESUMED, STEP)
01:06:14.83 INFO: [TadState] TAD state changed: DEBUG_RESUMED -> READY (SUSPENDED, STEP)
01:06:14.752 INFO: [TadState] TAD state changed: READY -> DEBUG_RESUMED (RESUMED, STEP)
01:06:14.837 INFO: [TadState] TAD state changed: DEBUG_RESUMED -> READY (SUSPENDED, STEP)
01:07:08.897 INFO: [TadState] TAD state changed: READY -> DEBUG_RESUMED (RESUMED, USER_REQUEST)
01:07:09.14 INFO: [TadState] TAD state changed: DEBUG_RESUMED -> READY (SUSPENDED, BREAKPOINT)
01:07:12.836 INFO: [TadState] TAD state changed: READY -> DEBUG_RESUMED (RESUMED, USER_REQUEST)
01:07:16.596 INFO: [TadState] TAD state changed: DEBUG_RESUMED -> READY (SUSPENDED, SIGNAL)
01:08:00.46 INFO: [TadModel] DSF session ID 6 has ended.
