"Task Aware Debugger for GDB" version 11.4.0 (202107011009)
(c) 2016-2021 NXP Semiconductors, Inc.
==================================
20:17:03.543 INFO: [TadModel] DSF session ID 5 has started.
20:17:10.146 INFO: [TadState] TAD state changed: DEBUG_STARTED -> DEBUG_INIT_0 (RESUMED, USER_REQUEST)
20:17:10.195 INFO: [TadState] TAD state changed: DEBUG_INIT_0 -> DEBUG_INIT_1 (SUSPENDED, SIGNAL)
20:17:11.23 INFO: [TadState] TAD state changed: DEBUG_INIT_1 -> DEBUG_SUSPENDED (RESUMED, USER_REQUEST)
20:17:11.122 INFO: [TadState] TAD state changed: DEBUG_SUSPENDED -> DEBUG_SUSPENDED (SUSPENDED, BREAKPOINT)
20:17:19.428 INFO: [TadState] TAD state changed: DEBUG_SUSPENDED -> DEBUG_RESUMED (RESUMED, USER_REQUEST)
20:17:19.614 INFO: [TadState] TAD state changed: DEBUG_RESUMED -> READY (SUSPENDED, BREAKPOINT)
20:17:21.573 INFO: [TadState] TAD state changed: READY -> DEBUG_RESUMED (RESUMED, STEP)
20:17:21.786 INFO: [TadState] TAD state changed: DEBUG_RESUMED -> READY (SUSPENDED, STEP)
20:17:28.955 INFO: [TadState] TAD state changed: READY -> DEBUG_RESUMED (RESUMED, STEP)
20:17:29.269 INFO: [TadState] TAD state changed: DEBUG_RESUMED -> READY (SUSPENDED, STEP)
20:17:44.15 INFO: [TadState] TAD state changed: READY -> DEBUG_RESUMED (RESUMED, STEP)
20:17:44.145 INFO: [TadState] TAD state changed: DEBUG_RESUMED -> READY (SUSPENDED, STEP)
20:17:50.774 INFO: [TadState] TAD state changed: READY -> DEBUG_RESUMED (RESUMED, STEP)
20:17:50.892 INFO: [TadState] TAD state changed: DEBUG_RESUMED -> READY (SUSPENDED, STEP)
20:17:58.359 INFO: [TadState] TAD state changed: READY -> DEBUG_RESUMED (RESUMED, STEP)
20:17:58.695 INFO: [TadState] TAD state changed: DEBUG_RESUMED -> READY (SUSPENDED, STEP)
20:18:12.835 INFO: [TadState] TAD state changed: READY -> DEBUG_RESUMED (RESUMED, STEP)
20:18:12.970 INFO: [TadState] TAD state changed: DEBUG_RESUMED -> READY (SUSPENDED, STEP)
20:18:16.932 INFO: [TadState] TAD state changed: READY -> DEBUG_RESUMED (RESUMED, STEP)
20:18:17.56 INFO: [TadState] TAD state changed: DEBUG_RESUMED -> READY (SUSPENDED, STEP)
20:18:23.837 INFO: [TadState] TAD state changed: READY -> DEBUG_RESUMED (RESUMED, STEP)
20:18:23.955 INFO: [TadState] TAD state changed: DEBUG_RESUMED -> READY (SUSPENDED, STEP)
20:18:25.996 INFO: [TadState] TAD state changed: READY -> DEBUG_RESUMED (RESUMED, STEP)
20:18:26.119 INFO: [TadState] TAD state changed: DEBUG_RESUMED -> READY (SUSPENDED, STEP)
20:18:26.962 INFO: [TadState] TAD state changed: READY -> DEBUG_RESUMED (RESUMED, STEP)
20:18:27.82 INFO: [TadState] TAD state changed: DEBUG_RESUMED -> READY (SUSPENDED, STEP)
20:18:27.531 INFO: [TadState] TAD state changed: READY -> DEBUG_RESUMED (RESUMED, STEP)
20:18:27.646 INFO: [TadState] TAD state changed: DEBUG_RESUMED -> READY (SUSPENDED, STEP)
20:18:45.379 INFO: [TadState] TAD state changed: READY -> DEBUG_RESUMED (RESUMED, STEP)
20:18:45.677 INFO: [TadState] TAD state changed: DEBUG_RESUMED -> READY (SUSPENDED, STEP)
20:19:03.640 INFO: [TadState] TAD state changed: READY -> DEBUG_RESUMED (RESUMED, STEP)
20:19:03.879 INFO: [TadState] TAD state changed: DEBUG_RESUMED -> READY (SUSPENDED, STEP)
20:19:10.495 INFO: [TadState] TAD state changed: READY -> DEBUG_RESUMED (RESUMED, STEP)
20:19:10.751 INFO: [TadState] TAD state changed: DEBUG_RESUMED -> READY (SUSPENDED, STEP)
20:19:13.398 INFO: [TadState] TAD state changed: READY -> DEBUG_RESUMED (RESUMED, STEP)
20:19:13.649 INFO: [TadState] TAD state changed: DEBUG_RESUMED -> READY (SUSPENDED, STEP)
20:19:14.293 INFO: [TadState] TAD state changed: READY -> DEBUG_RESUMED (RESUMED, STEP)
20:19:14.511 INFO: [TadState] TAD state changed: DEBUG_RESUMED -> READY (SUSPENDED, STEP)
20:19:19.53 INFO: [TadState] TAD state changed: READY -> DEBUG_RESUMED (RESUMED, USER_REQUEST)
20:19:27.145 INFO: [TadState] TAD state changed: DEBUG_RESUMED -> READY (SUSPENDED, BREAKPOINT)
20:19:29.91 INFO: [TadState] TAD state changed: READY -> DEBUG_RESUMED (RESUMED, STEP)
20:19:29.402 INFO: [TadState] TAD state changed: DEBUG_RESUMED -> READY (SUSPENDED, STEP)
20:28:55.264 INFO: [TadModel] DSF session ID 5 has ended.
