"Task Aware Debugger for GDB" version 11.4.0 (202107011009)
(c) 2016-2021 NXP Semiconductors, Inc.
==================================
20:50:18.415 INFO: [TadModel] DSF session ID 7 has started.
20:50:25.313 INFO: [TadState] TAD state changed: DEBUG_STARTED -> DEBUG_INIT_0 (RESUMED, USER_REQUEST)
20:50:25.362 INFO: [TadState] TAD state changed: DEBUG_INIT_0 -> DEBUG_INIT_1 (SUSPENDED, SIGNAL)
20:50:26.223 INFO: [TadState] TAD state changed: DEBUG_INIT_1 -> DEBUG_SUSPENDED (RESUMED, USER_REQUEST)
20:50:26.354 INFO: [TadState] TAD state changed: DEBUG_SUSPENDED -> DEBUG_SUSPENDED (SUSPENDED, BREAKPOINT)
21:05:41.814 INFO: [TadState] TAD state changed: DEBUG_SUSPENDED -> DEBUG_RESUMED (RESUMED, STEP)
21:05:42.22 INFO: [TadState] TAD state changed: DEBUG_RESUMED -> READY (SUSPENDED, STEP)
21:05:43.513 INFO: [TadState] TAD state changed: READY -> DEBUG_RESUMED (RESUMED, STEP)
21:05:43.845 INFO: [TadState] TAD state changed: DEBUG_RESUMED -> READY (SUSPENDED, STEP)
21:05:44.927 INFO: [TadState] TAD state changed: READY -> DEBUG_RESUMED (RESUMED, STEP)
21:05:45.63 INFO: [TadState] TAD state changed: DEBUG_RESUMED -> READY (SUSPENDED, STEP)
21:05:45.342 INFO: [TadState] TAD state changed: READY -> DEBUG_RESUMED (RESUMED, STEP)
21:05:45.476 INFO: [TadState] TAD state changed: DEBUG_RESUMED -> READY (SUSPENDED, STEP)
21:05:46.113 INFO: [TadState] TAD state changed: READY -> DEBUG_RESUMED (RESUMED, STEP)
21:05:46.460 INFO: [TadState] TAD state changed: DEBUG_RESUMED -> READY (SUSPENDED, STEP)
21:06:08.458 INFO: [TadState] TAD state changed: READY -> DEBUG_RESUMED (RESUMED, USER_REQUEST)
21:06:08.586 INFO: [TadState] TAD state changed: DEBUG_RESUMED -> READY (SUSPENDED, BREAKPOINT)
21:06:10.733 INFO: [TadState] TAD state changed: READY -> DEBUG_RESUMED (RESUMED, STEP)
21:06:10.946 INFO: [TadState] TAD state changed: DEBUG_RESUMED -> READY (SUSPENDED, STEP)
21:06:12.133 INFO: [TadState] TAD state changed: READY -> DEBUG_RESUMED (RESUMED, STEP)
21:06:12.442 INFO: [TadState] TAD state changed: DEBUG_RESUMED -> READY (SUSPENDED, STEP)
21:06:12.728 INFO: [TadState] TAD state changed: READY -> DEBUG_RESUMED (RESUMED, STEP)
21:06:12.851 INFO: [TadState] TAD state changed: DEBUG_RESUMED -> READY (SUSPENDED, STEP)
21:06:13.610 INFO: [TadState] TAD state changed: READY -> DEBUG_RESUMED (RESUMED, STEP)
21:06:13.762 INFO: [TadState] TAD state changed: DEBUG_RESUMED -> READY (SUSPENDED, STEP)
21:06:14.226 INFO: [TadState] TAD state changed: READY -> DEBUG_RESUMED (RESUMED, STEP)
21:06:14.565 INFO: [TadState] TAD state changed: DEBUG_RESUMED -> READY (SUSPENDED, STEP)
21:06:16.31 INFO: [TadState] TAD state changed: READY -> DEBUG_RESUMED (RESUMED, STEP)
21:06:16.292 INFO: [TadState] TAD state changed: DEBUG_RESUMED -> READY (SUSPENDED, STEP)
21:06:17.385 INFO: [TadState] TAD state changed: READY -> DEBUG_RESUMED (RESUMED, STEP)
21:06:17.521 INFO: [TadState] TAD state changed: DEBUG_RESUMED -> READY (SUSPENDED, STEP)
21:06:25.33 INFO: [TadState] TAD state changed: READY -> DEBUG_RESUMED (RESUMED, STEP)
21:06:25.158 INFO: [TadState] TAD state changed: DEBUG_RESUMED -> READY (SUSPENDED, STEP)
21:06:26.859 INFO: [TadState] TAD state changed: READY -> DEBUG_RESUMED (RESUMED, STEP)
21:06:26.991 INFO: [TadState] TAD state changed: DEBUG_RESUMED -> READY (SUSPENDED, STEP)
21:06:27.547 INFO: [TadState] TAD state changed: READY -> DEBUG_RESUMED (RESUMED, STEP)
21:06:27.832 INFO: [TadState] TAD state changed: DEBUG_RESUMED -> READY (SUSPENDED, STEP)
21:06:51.130 INFO: [TadState] TAD state changed: READY -> DEBUG_RESUMED (RESUMED, STEP)
21:06:51.265 INFO: [TadState] TAD state changed: DEBUG_RESUMED -> READY (SUSPENDED, STEP)
21:06:51.913 INFO: [TadState] TAD state changed: READY -> DEBUG_RESUMED (RESUMED, STEP)
21:06:52.51 INFO: [TadState] TAD state changed: DEBUG_RESUMED -> READY (SUSPENDED, STEP)
21:06:52.686 INFO: [TadState] TAD state changed: READY -> DEBUG_RESUMED (RESUMED, STEP)
21:06:52.821 INFO: [TadState] TAD state changed: DEBUG_RESUMED -> READY (SUSPENDED, STEP)
21:06:53.459 INFO: [TadState] TAD state changed: READY -> DEBUG_RESUMED (RESUMED, STEP)
21:06:53.614 INFO: [TadState] TAD state changed: DEBUG_RESUMED -> READY (SUSPENDED, STEP)
21:06:54.198 INFO: [TadState] TAD state changed: READY -> DEBUG_RESUMED (RESUMED, STEP)
21:06:54.323 INFO: [TadState] TAD state changed: DEBUG_RESUMED -> READY (SUSPENDED, STEP)
21:06:58.370 INFO: [TadState] TAD state changed: READY -> DEBUG_RESUMED (RESUMED, STEP)
21:06:58.520 INFO: [TadState] TAD state changed: DEBUG_RESUMED -> READY (SUSPENDED, STEP)
21:07:01.958 INFO: [TadState] TAD state changed: READY -> DEBUG_RESUMED (RESUMED, STEP)
21:07:02.274 INFO: [TadState] TAD state changed: DEBUG_RESUMED -> READY (SUSPENDED, STEP)
21:07:13.411 INFO: [TadState] TAD state changed: READY -> DEBUG_RESUMED (RESUMED, STEP)
21:07:13.662 INFO: [TadState] TAD state changed: DEBUG_RESUMED -> READY (SUSPENDED, STEP)
21:07:16.719 INFO: [TadState] TAD state changed: READY -> DEBUG_RESUMED (RESUMED, STEP)
21:07:16.977 INFO: [TadState] TAD state changed: DEBUG_RESUMED -> READY (SUSPENDED, STEP)
21:07:24.819 INFO: [TadState] TAD state changed: READY -> DEBUG_RESUMED (RESUMED, STEP)
21:07:25.65 INFO: [TadState] TAD state changed: DEBUG_RESUMED -> READY (SUSPENDED, STEP)
21:07:26.230 INFO: [TadState] TAD state changed: READY -> DEBUG_RESUMED (RESUMED, STEP)
21:07:26.465 INFO: [TadState] TAD state changed: DEBUG_RESUMED -> READY (SUSPENDED, STEP)
21:07:27.81 INFO: [TadState] TAD state changed: READY -> DEBUG_RESUMED (RESUMED, STEP)
21:07:27.352 INFO: [TadState] TAD state changed: DEBUG_RESUMED -> READY (SUSPENDED, STEP)
21:07:39.184 INFO: [TadState] TAD state changed: READY -> DEBUG_RESUMED (RESUMED, USER_REQUEST)
21:07:39.282 INFO: [TadState] TAD state changed: DEBUG_RESUMED -> READY (SUSPENDED, BREAKPOINT)
21:07:41.597 INFO: [TadState] TAD state changed: READY -> DEBUG_RESUMED (RESUMED, STEP)
21:07:41.920 INFO: [TadState] TAD state changed: DEBUG_RESUMED -> READY (SUSPENDED, STEP)
21:07:43.591 INFO: [TadState] TAD state changed: READY -> DEBUG_RESUMED (RESUMED, STEP)
21:07:43.687 INFO: [TadState] TAD state changed: DEBUG_RESUMED -> READY (SUSPENDED, STEP)
21:07:45.737 INFO: [TadState] TAD state changed: READY -> DEBUG_RESUMED (RESUMED, USER_REQUEST)
21:07:45.835 INFO: [TadState] TAD state changed: DEBUG_RESUMED -> READY (SUSPENDED, BREAKPOINT)
21:07:47.313 INFO: [TadState] TAD state changed: READY -> DEBUG_RESUMED (RESUMED, STEP)
21:07:47.631 INFO: [TadState] TAD state changed: DEBUG_RESUMED -> READY (SUSPENDED, STEP)
21:07:48.272 INFO: [TadState] TAD state changed: READY -> DEBUG_RESUMED (RESUMED, STEP)
21:07:48.369 INFO: [TadState] TAD state changed: DEBUG_RESUMED -> READY (SUSPENDED, STEP)
21:07:50.524 INFO: [TadState] TAD state changed: READY -> DEBUG_RESUMED (RESUMED, USER_REQUEST)
21:07:54.827 INFO: [TadState] TAD state changed: DEBUG_RESUMED -> READY (SUSPENDED, SIGNAL)
21:08:09.884 INFO: [TadModel] DSF session ID 7 has ended.
