"Task Aware Debugger for GDB" version 11.4.0 (202107011009)
(c) 2016-2021 NXP Semiconductors, Inc.
==================================
23:17:03.250 INFO: [TadModel] DSF session ID 8 has started.
23:17:10.426 INFO: [TadState] TAD state changed: DEBUG_STARTED -> DEBUG_INIT_0 (RESUMED, USER_REQUEST)
23:17:10.474 INFO: [TadState] TAD state changed: DEBUG_INIT_0 -> DEBUG_INIT_1 (SUSPENDED, SIGNAL)
23:17:11.394 INFO: [TadState] TAD state changed: DEBUG_INIT_1 -> DEBUG_SUSPENDED (RESUMED, USER_REQUEST)
23:17:11.559 INFO: [TadState] TAD state changed: DEBUG_SUSPENDED -> DEBUG_SUSPENDED (SUSPENDED, BREAKPOINT)
23:17:20.727 INFO: [TadState] TAD state changed: DEBUG_SUSPENDED -> DEBUG_RESUMED (RESUMED, USER_REQUEST)
23:17:20.946 INFO: [TadState] TAD state changed: DEBUG_RESUMED -> READY (SUSPENDED, BREAKPOINT)
23:17:22.142 INFO: [TadState] TAD state changed: READY -> DEBUG_RESUMED (RESUMED, STEP)
23:17:22.384 INFO: [TadState] TAD state changed: DEBUG_RESUMED -> READY (SUSPENDED, STEP)
23:17:22.725 INFO: [TadState] TAD state changed: READY -> DEBUG_RESUMED (RESUMED, STEP)
23:17:22.971 INFO: [TadState] TAD state changed: DEBUG_RESUMED -> READY (SUSPENDED, STEP)
23:17:23.456 INFO: [TadState] TAD state changed: READY -> DEBUG_RESUMED (RESUMED, STEP)
23:17:23.696 INFO: [TadState] TAD state changed: DEBUG_RESUMED -> READY (SUSPENDED, STEP)
23:17:24.140 INFO: [TadState] TAD state changed: READY -> DEBUG_RESUMED (RESUMED, STEP)
23:17:24.401 INFO: [TadState] TAD state changed: DEBUG_RESUMED -> READY (SUSPENDED, STEP)
23:17:25.389 INFO: [TadState] TAD state changed: READY -> DEBUG_RESUMED (RESUMED, USER_REQUEST)
23:17:26.527 INFO: [TadState] TAD state changed: DEBUG_RESUMED -> READY (SUSPENDED, BREAKPOINT)
23:17:27.373 INFO: [TadState] TAD state changed: READY -> DEBUG_RESUMED (RESUMED, STEP)
23:17:27.680 INFO: [TadState] TAD state changed: DEBUG_RESUMED -> READY (SUSPENDED, STEP)
23:17:28.26 INFO: [TadState] TAD state changed: READY -> DEBUG_RESUMED (RESUMED, STEP)
23:17:28.313 INFO: [TadState] TAD state changed: DEBUG_RESUMED -> READY (SUSPENDED, STEP)
23:17:28.715 INFO: [TadState] TAD state changed: READY -> DEBUG_RESUMED (RESUMED, STEP)
23:17:29.16 INFO: [TadState] TAD state changed: DEBUG_RESUMED -> READY (SUSPENDED, STEP)
23:17:30.753 INFO: [TadState] TAD state changed: READY -> DEBUG_RESUMED (RESUMED, USER_REQUEST)
23:17:30.878 INFO: [TadState] TAD state changed: DEBUG_RESUMED -> READY (SUSPENDED, BREAKPOINT)
23:17:32.22 INFO: [TadState] TAD state changed: READY -> DEBUG_RESUMED (RESUMED, STEP)
23:17:32.256 INFO: [TadState] TAD state changed: DEBUG_RESUMED -> READY (SUSPENDED, STEP)
23:17:32.813 INFO: [TadState] TAD state changed: READY -> DEBUG_RESUMED (RESUMED, STEP)
23:17:32.998 INFO: [TadState] TAD state changed: DEBUG_RESUMED -> READY (SUSPENDED, STEP)
23:17:35.330 INFO: [TadState] TAD state changed: READY -> DEBUG_RESUMED (RESUMED, STEP)
23:17:35.458 INFO: [TadState] TAD state changed: DEBUG_RESUMED -> READY (SUSPENDED, STEP)
23:17:36.03 INFO: [TadState] TAD state changed: READY -> DEBUG_RESUMED (RESUMED, STEP)
23:17:36.138 INFO: [TadState] TAD state changed: DEBUG_RESUMED -> READY (SUSPENDED, STEP)
23:17:38.51 INFO: [TadState] TAD state changed: READY -> DEBUG_RESUMED (RESUMED, STEP)
23:17:38.322 INFO: [TadState] TAD state changed: DEBUG_RESUMED -> READY (SUSPENDED, STEP)
23:17:39.76 INFO: [TadState] TAD state changed: READY -> DEBUG_RESUMED (RESUMED, STEP)
23:17:39.357 INFO: [TadState] TAD state changed: DEBUG_RESUMED -> READY (SUSPENDED, STEP)
23:17:40.253 INFO: [TadState] TAD state changed: READY -> DEBUG_RESUMED (RESUMED, STEP)
23:17:40.494 INFO: [TadState] TAD state changed: DEBUG_RESUMED -> READY (SUSPENDED, BREAKPOINT)
23:17:41.617 INFO: [TadState] TAD state changed: READY -> DEBUG_RESUMED (RESUMED, STEP)
23:17:41.836 INFO: [TadState] TAD state changed: DEBUG_RESUMED -> READY (SUSPENDED, STEP)
23:17:42.200 INFO: [TadState] TAD state changed: READY -> DEBUG_RESUMED (RESUMED, STEP)
23:17:42.385 INFO: [TadState] TAD state changed: DEBUG_RESUMED -> READY (SUSPENDED, STEP)
23:17:42.998 INFO: [TadState] TAD state changed: READY -> DEBUG_RESUMED (RESUMED, STEP)
23:17:43.128 INFO: [TadState] TAD state changed: DEBUG_RESUMED -> READY (SUSPENDED, STEP)
23:17:43.709 INFO: [TadState] TAD state changed: READY -> DEBUG_RESUMED (RESUMED, STEP)
23:17:43.838 INFO: [TadState] TAD state changed: DEBUG_RESUMED -> READY (SUSPENDED, STEP)
23:17:45.14 INFO: [TadState] TAD state changed: READY -> DEBUG_RESUMED (RESUMED, STEP)
23:17:45.208 INFO: [TadState] TAD state changed: DEBUG_RESUMED -> READY (SUSPENDED, STEP)
23:17:46.330 INFO: [TadState] TAD state changed: READY -> DEBUG_RESUMED (RESUMED, STEP)
23:17:46.488 INFO: [TadState] TAD state changed: DEBUG_RESUMED -> READY (SUSPENDED, STEP)
23:17:46.866 INFO: [TadState] TAD state changed: READY -> DEBUG_RESUMED (RESUMED, STEP)
23:17:47.281 INFO: [TadState] TAD state changed: DEBUG_RESUMED -> READY (SUSPENDED, STEP)
23:17:47.678 INFO: [TadState] TAD state changed: READY -> DEBUG_RESUMED (RESUMED, USER_REQUEST)
23:17:47.804 INFO: [TadState] TAD state changed: DEBUG_RESUMED -> READY (SUSPENDED, BREAKPOINT)
23:17:48.717 INFO: [TadState] TAD state changed: READY -> DEBUG_RESUMED (RESUMED, STEP)
23:17:49.73 INFO: [TadState] TAD state changed: DEBUG_RESUMED -> READY (SUSPENDED, STEP)
23:17:49.328 INFO: [TadState] TAD state changed: READY -> DEBUG_RESUMED (RESUMED, STEP)
23:17:49.626 INFO: [TadState] TAD state changed: DEBUG_RESUMED -> READY (SUSPENDED, STEP)
23:17:51.457 INFO: [TadState] TAD state changed: READY -> DEBUG_RESUMED (RESUMED, STEP)
23:17:51.762 INFO: [TadState] TAD state changed: DEBUG_RESUMED -> READY (SUSPENDED, STEP)
23:17:52.504 INFO: [TadState] TAD state changed: READY -> DEBUG_RESUMED (RESUMED, STEP)
23:17:52.696 INFO: [TadState] TAD state changed: DEBUG_RESUMED -> READY (SUSPENDED, STEP)
23:17:53.143 INFO: [TadState] TAD state changed: READY -> DEBUG_RESUMED (RESUMED, STEP)
23:17:53.336 INFO: [TadState] TAD state changed: DEBUG_RESUMED -> READY (SUSPENDED, STEP)
23:17:53.751 INFO: [TadState] TAD state changed: READY -> DEBUG_RESUMED (RESUMED, STEP)
23:17:53.871 INFO: [TadState] TAD state changed: DEBUG_RESUMED -> READY (SUSPENDED, STEP)
23:17:54.537 INFO: [TadState] TAD state changed: READY -> DEBUG_RESUMED (RESUMED, STEP)
23:17:54.735 INFO: [TadState] TAD state changed: DEBUG_RESUMED -> READY (SUSPENDED, STEP)
23:18:00.613 INFO: [TadState] TAD state changed: READY -> DEBUG_RESUMED (RESUMED, USER_REQUEST)
23:18:02.119 INFO: [TadState] TAD state changed: DEBUG_RESUMED -> READY (SUSPENDED, BREAKPOINT)
23:18:02.942 INFO: [TadState] TAD state changed: READY -> DEBUG_RESUMED (RESUMED, STEP)
23:18:03.258 INFO: [TadState] TAD state changed: DEBUG_RESUMED -> READY (SUSPENDED, STEP)
23:18:03.790 INFO: [TadState] TAD state changed: READY -> DEBUG_RESUMED (RESUMED, STEP)
23:18:04.76 INFO: [TadState] TAD state changed: DEBUG_RESUMED -> READY (SUSPENDED, STEP)
23:18:06.525 INFO: [TadState] TAD state changed: READY -> DEBUG_RESUMED (RESUMED, STEP)
23:18:06.816 INFO: [TadState] TAD state changed: DEBUG_RESUMED -> READY (SUSPENDED, STEP)
23:18:10.931 INFO: [TadState] TAD state changed: READY -> DEBUG_RESUMED (RESUMED, STEP)
23:18:11.223 INFO: [TadState] TAD state changed: DEBUG_RESUMED -> READY (SUSPENDED, STEP)
23:18:12.518 INFO: [TadState] TAD state changed: READY -> DEBUG_RESUMED (RESUMED, STEP)
23:18:12.767 INFO: [TadState] TAD state changed: DEBUG_RESUMED -> READY (SUSPENDED, STEP)
23:18:17.790 INFO: [TadState] TAD state changed: READY -> DEBUG_RESUMED (RESUMED, STEP)
23:18:18.104 INFO: [TadState] TAD state changed: DEBUG_RESUMED -> READY (SUSPENDED, STEP)
23:18:19.517 INFO: [TadState] TAD state changed: READY -> DEBUG_RESUMED (RESUMED, STEP)
23:18:19.821 INFO: [TadState] TAD state changed: DEBUG_RESUMED -> READY (SUSPENDED, STEP)
23:18:21.347 INFO: [TadState] TAD state changed: READY -> DEBUG_RESUMED (RESUMED, STEP)
23:18:21.538 INFO: [TadState] TAD state changed: DEBUG_RESUMED -> READY (SUSPENDED, STEP)
23:18:22.465 INFO: [TadState] TAD state changed: READY -> DEBUG_RESUMED (RESUMED, STEP)
23:18:22.656 INFO: [TadState] TAD state changed: DEBUG_RESUMED -> READY (SUSPENDED, STEP)
23:18:23.563 INFO: [TadState] TAD state changed: READY -> DEBUG_RESUMED (RESUMED, STEP)
23:18:23.775 INFO: [TadState] TAD state changed: DEBUG_RESUMED -> READY (SUSPENDED, STEP)
23:18:24.164 INFO: [TadState] TAD state changed: READY -> DEBUG_RESUMED (RESUMED, STEP)
23:18:24.298 INFO: [TadState] TAD state changed: DEBUG_RESUMED -> READY (SUSPENDED, STEP)
23:18:25.636 INFO: [TadState] TAD state changed: READY -> DEBUG_RESUMED (RESUMED, STEP)
23:18:25.921 INFO: [TadState] TAD state changed: DEBUG_RESUMED -> READY (SUSPENDED, STEP)
23:18:27.87 INFO: [TadState] TAD state changed: READY -> DEBUG_RESUMED (RESUMED, STEP)
23:18:27.364 INFO: [TadState] TAD state changed: DEBUG_RESUMED -> READY (SUSPENDED, STEP)
23:18:52.905 INFO: [TadState] TAD state changed: READY -> DEBUG_RESUMED (RESUMED, USER_REQUEST)
23:19:36.507 INFO: [TadState] TAD state changed: DEBUG_RESUMED -> READY (SUSPENDED, SIGNAL)
23:27:20.640 INFO: [TadModel] DSF session ID 8 has ended.
