"Task Aware Debugger for GDB" version 11.4.0 (202107011009)
(c) 2016-2021 NXP Semiconductors, Inc.
==================================
01:07:23.26 INFO: [TadModel] DSF session ID 7 has started.
01:07:29.96 INFO: [TadState] TAD state changed: DEBUG_STARTED -> DEBUG_INIT_0 (RESUMED, USER_REQUEST)
01:07:29.125 INFO: [TadState] TAD state changed: DEBUG_INIT_0 -> DEBUG_INIT_1 (SUSPENDED, SIGNAL)
01:07:29.957 INFO: [TadState] TAD state changed: DEBUG_INIT_1 -> DEBUG_SUSPENDED (RESUMED, USER_REQUEST)
01:07:30.75 INFO: [TadState] TAD state changed: DEBUG_SUSPENDED -> DEBUG_SUSPENDED (SUSPENDED, BREAKPOINT)
01:07:37.129 INFO: [TadState] TAD state changed: DEBUG_SUSPENDED -> DEBUG_RESUMED (RESUMED, USER_REQUEST)
01:07:37.324 INFO: [TadState] TAD state changed: DEBUG_RESUMED -> READY (SUSPENDED, BREAKPOINT)
01:07:38.567 INFO: [TadState] TAD state changed: READY -> DEBUG_RESUMED (RESUMED, STEP)
01:07:38.762 INFO: [TadState] TAD state changed: DEBUG_RESUMED -> READY (SUSPENDED, STEP)
01:07:39.144 INFO: [TadState] TAD state changed: READY -> DEBUG_RESUMED (RESUMED, STEP)
01:07:39.364 INFO: [TadState] TAD state changed: DEBUG_RESUMED -> READY (SUSPENDED, STEP)
01:07:39.914 INFO: [TadState] TAD state changed: READY -> DEBUG_RESUMED (RESUMED, STEP)
01:07:40.137 INFO: [TadState] TAD state changed: DEBUG_RESUMED -> READY (SUSPENDED, STEP)
01:07:40.423 INFO: [TadState] TAD state changed: READY -> DEBUG_RESUMED (RESUMED, STEP)
01:07:40.625 INFO: [TadState] TAD state changed: DEBUG_RESUMED -> READY (SUSPENDED, STEP)
01:07:41.87 INFO: [TadState] TAD state changed: READY -> DEBUG_RESUMED (RESUMED, STEP)
01:07:41.299 INFO: [TadState] TAD state changed: DEBUG_RESUMED -> READY (SUSPENDED, STEP)
01:07:43.837 INFO: [TadState] TAD state changed: READY -> DEBUG_RESUMED (RESUMED, STEP)
01:07:43.951 INFO: [TadState] TAD state changed: DEBUG_RESUMED -> READY (SUSPENDED, STEP)
01:09:30.496 INFO: [TadModel] DSF session ID 7 has ended.
