"Task Aware Debugger for GDB" version 11.4.0 (202107011009)
(c) 2016-2021 NXP Semiconductors, Inc.
==================================
23:44:22.137 INFO: [TadModel] DSF session ID 3 has started.
23:44:27.468 INFO: [TadState] TAD state changed: DEBUG_STARTED -> DEBUG_INIT_0 (RESUMED, USER_REQUEST)
23:44:27.537 INFO: [TadState] TAD state changed: DEBUG_INIT_0 -> DEBUG_INIT_1 (SUSPENDED, SIGNAL)
23:44:28.216 INFO: [TadState] TAD state changed: DEBUG_INIT_1 -> DEBUG_SUSPENDED (RESUMED, USER_REQUEST)
23:44:28.349 INFO: [TadState] TAD state changed: DEBUG_SUSPENDED -> DEBUG_SUSPENDED (SUSPENDED, BREAKPOINT)
23:44:43.872 INFO: [TadState] TAD state changed: DEBUG_SUSPENDED -> DEBUG_RESUMED (RESUMED, STEP)
23:44:43.989 INFO: [TadState] TAD state changed: DEBUG_RESUMED -> READY (SUSPENDED, STEP)
23:44:47.722 INFO: [TadState] TAD state changed: READY -> DEBUG_RESUMED (RESUMED, USER_REQUEST)
23:44:47.871 INFO: [TadState] TAD state changed: DEBUG_RESUMED -> READY (SUSPENDED, BREAKPOINT)
23:44:48.390 INFO: [TadState] TAD state changed: READY -> DEBUG_RESUMED (RESUMED, STEP)
23:44:48.580 INFO: [TadState] TAD state changed: DEBUG_RESUMED -> READY (SUSPENDED, STEP)
23:44:48.963 INFO: [TadState] TAD state changed: READY -> DEBUG_RESUMED (RESUMED, STEP)
23:44:49.191 INFO: [TadState] TAD state changed: DEBUG_RESUMED -> READY (SUSPENDED, STEP)
23:44:50.239 INFO: [TadState] TAD state changed: READY -> DEBUG_RESUMED (RESUMED, STEP)
23:44:50.451 INFO: [TadState] TAD state changed: DEBUG_RESUMED -> READY (SUSPENDED, STEP)
23:44:52.480 INFO: [TadState] TAD state changed: READY -> DEBUG_RESUMED (RESUMED, STEP)
23:44:52.689 INFO: [TadState] TAD state changed: DEBUG_RESUMED -> READY (SUSPENDED, STEP)
23:44:52.834 INFO: [TadState] TAD state changed: READY -> DEBUG_RESUMED (RESUMED, STEP)
23:44:53.22 INFO: [TadState] TAD state changed: DEBUG_RESUMED -> READY (SUSPENDED, STEP)
23:44:53.340 INFO: [TadState] TAD state changed: READY -> DEBUG_RESUMED (RESUMED, STEP)
23:44:53.550 INFO: [TadState] TAD state changed: DEBUG_RESUMED -> READY (SUSPENDED, STEP)
23:44:57.379 INFO: [TadModel] DSF session ID 3 has ended.
