"Task Aware Debugger for GDB" version 11.4.0 (202107011009)
(c) 2016-2021 NXP Semiconductors, Inc.
==================================
19:04:57.343 INFO: [TadModel] DSF session ID 3 has started.
19:05:07.580 INFO: [TadState] TAD state changed: DEBUG_STARTED -> DEBUG_INIT_0 (RESUMED, USER_REQUEST)
19:05:07.657 INFO: [TadState] TAD state changed: DEBUG_INIT_0 -> DEBUG_INIT_1 (SUSPENDED, SIGNAL)
19:05:08.378 INFO: [TadState] TAD state changed: DEBUG_INIT_1 -> DEBUG_SUSPENDED (RESUMED, USER_REQUEST)
19:05:08.573 INFO: [TadState] TAD state changed: DEBUG_SUSPENDED -> DEBUG_SUSPENDED (SUSPENDED, BREAKPOINT)
19:05:21.361 INFO: [TadState] TAD state changed: DEBUG_SUSPENDED -> DEBUG_RESUMED (RESUMED, USER_REQUEST)
19:05:21.551 INFO: [TadState] TAD state changed: DEBUG_RESUMED -> READY (SUSPENDED, BREAKPOINT)
19:05:25.822 INFO: [TadState] TAD state changed: READY -> DEBUG_RESUMED (RESUMED, USER_REQUEST)
19:05:31.449 INFO: [TadState] TAD state changed: DEBUG_RESUMED -> READY (SUSPENDED, BREAKPOINT)
19:05:35.493 INFO: [TadState] TAD state changed: READY -> DEBUG_RESUMED (RESUMED, STEP)
19:05:35.732 INFO: [TadState] TAD state changed: DEBUG_RESUMED -> READY (SUSPENDED, STEP)
19:05:44.29 INFO: [TadState] TAD state changed: READY -> DEBUG_RESUMED (RESUMED, STEP)
19:05:44.249 INFO: [TadState] TAD state changed: DEBUG_RESUMED -> READY (SUSPENDED, STEP)
19:05:58.141 INFO: [TadState] TAD state changed: READY -> DEBUG_RESUMED (RESUMED, STEP)
19:05:58.491 INFO: [TadState] TAD state changed: DEBUG_RESUMED -> READY (SUSPENDED, STEP)
19:05:59.302 INFO: [TadState] TAD state changed: READY -> DEBUG_RESUMED (RESUMED, STEP)
19:05:59.535 INFO: [TadState] TAD state changed: DEBUG_RESUMED -> READY (SUSPENDED, STEP)
19:06:33.218 INFO: [TadState] TAD state changed: READY -> DEBUG_RESUMED (RESUMED, USER_REQUEST)
19:10:20.743 INFO: [TadState] TAD state changed: DEBUG_RESUMED -> READY (SUSPENDED, SIGNAL)
19:10:22.254 INFO: [TadModel] DSF session ID 3 has ended.
